D:\projects\repos\reolin\Reolin.Web\wwwroot\lib\WebClient\DefaultJwtManager.js
D:\projects\repos\reolin\Reolin.Web\wwwroot\lib\WebClient\Global.js
D:\projects\repos\reolin\Reolin.Web\wwwroot\lib\WebClient\HttpResponse.js
D:\projects\repos\reolin\Reolin.Web\wwwroot\lib\WebClient\jwtsecuritytoken.js
D:\projects\repos\reolin\Reolin.Web\wwwroot\lib\WebClient\HttpService.js
D:\projects\repos\reolin\Reolin.Web\wwwroot\lib\WebClient\IJwtManager.js
D:\projects\repos\reolin\Reolin.Web\wwwroot\lib\WebClient\IJwtSource.js
D:\projects\repos\reolin\Reolin.Web\wwwroot\lib\WebClient\IJwtStore.js
D:\projects\repos\reolin\Reolin.Web\wwwroot\lib\WebClient\LocalJwtStore.js
D:\projects\repos\reolin\Reolin.Web\wwwroot\lib\WebClient\LoginInfo.js
D:\projects\repos\reolin\Reolin.Web\wwwroot\lib\WebClient\LoginManager.js
D:\projects\repos\reolin\Reolin.Web\wwwroot\lib\WebClient\RemoteJwtSource.js
D:\projects\repos\reolin\Reolin.Web\wwwroot\lib\WebClient\run.js
D:\projects\repos\reolin\Reolin.Web\wwwroot\lib\WebClient\ViewModels\ProfileViewModels.js
D:\projects\repos\reolin\Reolin.Web\wwwroot\lib\WebClient\Services\AccountService.js
D:\projects\repos\reolin\Reolin.Web\wwwroot\lib\WebClient\Services\ProfileServices.js
D:\projects\repos\reolin\Reolin.Web\wwwroot\lib\WebClient\Helpers\URLS.js
D:\projects\repos\reolin\Reolin.Web\wwwroot\lib\WebClient\controllers\AccountController.js
D:\projects\repos\reolin\Reolin.Web\wwwroot\lib\WebClient\controllers\ChooseProfileController.js
D:\projects\repos\reolin\Reolin.Web\wwwroot\lib\WebClient\controllers\IndexController.js
D:\projects\repos\reolin\Reolin.Web\wwwroot\lib\WebClient\controllers\JobCategoryController.js
D:\projects\repos\reolin\Reolin.Web\wwwroot\lib\WebClient\controllers\ProfileBaseController.js
D:\projects\repos\reolin\Reolin.Web\wwwroot\lib\WebClient\controllers\ProfileCommonController.js
D:\projects\repos\reolin\Reolin.Web\wwwroot\lib\WebClient\controllers\ProfileEditController.js
D:\projects\repos\reolin\Reolin.Web\wwwroot\lib\WebClient\controllers\ProfileViewController.js
D:\projects\repos\reolin\Reolin.Web\wwwroot\lib\WebClient\controllers\RegisterCVController.js
D:\projects\repos\reolin\Reolin.Web\wwwroot\lib\WebClient\controllers\RegisterWorkController.js
D:\projects\repos\reolin\Reolin.Web\wwwroot\lib\Infra\Profile.js
D:\projects\repos\reolin\Reolin.Web\wwwroot\lib\Infra\User.js
D:\projects\repos\reolin\Reolin.Web\wwwroot\lib\WebClient\DefaultJwtManager.js
D:\projects\repos\reolin\Reolin.Web\wwwroot\lib\WebClient\Global.js
D:\projects\repos\reolin\Reolin.Web\wwwroot\lib\WebClient\HttpResponse.js
D:\projects\repos\reolin\Reolin.Web\wwwroot\lib\WebClient\jwtsecuritytoken.js
D:\projects\repos\reolin\Reolin.Web\wwwroot\lib\WebClient\HttpService.js
D:\projects\repos\reolin\Reolin.Web\wwwroot\lib\WebClient\IJwtManager.js
D:\projects\repos\reolin\Reolin.Web\wwwroot\lib\WebClient\IJwtSource.js
D:\projects\repos\reolin\Reolin.Web\wwwroot\lib\WebClient\IJwtStore.js
D:\projects\repos\reolin\Reolin.Web\wwwroot\lib\WebClient\LocalJwtStore.js
D:\projects\repos\reolin\Reolin.Web\wwwroot\lib\WebClient\LoginInfo.js
D:\projects\repos\reolin\Reolin.Web\wwwroot\lib\WebClient\LoginManager.js
D:\projects\repos\reolin\Reolin.Web\wwwroot\lib\WebClient\RemoteJwtSource.js
D:\projects\repos\reolin\Reolin.Web\wwwroot\lib\WebClient\run.js
D:\projects\repos\reolin\Reolin.Web\wwwroot\lib\WebClient\ViewModels\ProfileViewModels.js
D:\projects\repos\reolin\Reolin.Web\wwwroot\lib\WebClient\Services\AccountService.js
D:\projects\repos\reolin\Reolin.Web\wwwroot\lib\WebClient\Services\ProfileServices.js
D:\projects\repos\reolin\Reolin.Web\wwwroot\lib\WebClient\Helpers\URLS.js
D:\projects\repos\reolin\Reolin.Web\wwwroot\lib\WebClient\controllers\AccountController.js
D:\projects\repos\reolin\Reolin.Web\wwwroot\lib\WebClient\controllers\ChooseProfileController.js
D:\projects\repos\reolin\Reolin.Web\wwwroot\lib\WebClient\controllers\IndexController.js
D:\projects\repos\reolin\Reolin.Web\wwwroot\lib\WebClient\controllers\JobCategoryController.js
D:\projects\repos\reolin\Reolin.Web\wwwroot\lib\WebClient\controllers\ProfileBaseController.js
D:\projects\repos\reolin\Reolin.Web\wwwroot\lib\WebClient\controllers\ProfileCommonController.js
D:\projects\repos\reolin\Reolin.Web\wwwroot\lib\WebClient\controllers\ProfileEditController.js
D:\projects\repos\reolin\Reolin.Web\wwwroot\lib\WebClient\controllers\ProfileViewController.js
D:\projects\repos\reolin\Reolin.Web\wwwroot\lib\WebClient\controllers\RegisterCVController.js
D:\projects\repos\reolin\Reolin.Web\wwwroot\lib\WebClient\controllers\RegisterWorkController.js
D:\projects\repos\reolin\Reolin.Web\wwwroot\lib\Infra\Profile.js
D:\projects\repos\reolin\Reolin.Web\wwwroot\lib\Infra\User.js
D:\projects\repos\reolin\Reolin.Web\wwwroot\lib\WebClient\DefaultJwtManager.js
D:\projects\repos\reolin\Reolin.Web\wwwroot\lib\WebClient\Global.js
D:\projects\repos\reolin\Reolin.Web\wwwroot\lib\WebClient\HttpResponse.js
D:\projects\repos\reolin\Reolin.Web\wwwroot\lib\WebClient\jwtsecuritytoken.js
D:\projects\repos\reolin\Reolin.Web\wwwroot\lib\WebClient\HttpService.js
D:\projects\repos\reolin\Reolin.Web\wwwroot\lib\WebClient\IJwtManager.js
D:\projects\repos\reolin\Reolin.Web\wwwroot\lib\WebClient\IJwtSource.js
D:\projects\repos\reolin\Reolin.Web\wwwroot\lib\WebClient\IJwtStore.js
D:\projects\repos\reolin\Reolin.Web\wwwroot\lib\WebClient\LocalJwtStore.js
D:\projects\repos\reolin\Reolin.Web\wwwroot\lib\WebClient\LoginInfo.js
D:\projects\repos\reolin\Reolin.Web\wwwroot\lib\WebClient\LoginManager.js
D:\projects\repos\reolin\Reolin.Web\wwwroot\lib\WebClient\RemoteJwtSource.js
D:\projects\repos\reolin\Reolin.Web\wwwroot\lib\WebClient\run.js
D:\projects\repos\reolin\Reolin.Web\wwwroot\lib\WebClient\ViewModels\ProfileViewModels.js
D:\projects\repos\reolin\Reolin.Web\wwwroot\lib\WebClient\Services\AccountService.js
D:\projects\repos\reolin\Reolin.Web\wwwroot\lib\WebClient\Services\ProfileServices.js
D:\projects\repos\reolin\Reolin.Web\wwwroot\lib\WebClient\Helpers\URLS.js
D:\projects\repos\reolin\Reolin.Web\wwwroot\lib\WebClient\controllers\AccountController.js
D:\projects\repos\reolin\Reolin.Web\wwwroot\lib\WebClient\controllers\ChooseProfileController.js
D:\projects\repos\reolin\Reolin.Web\wwwroot\lib\WebClient\controllers\IndexController.js
D:\projects\repos\reolin\Reolin.Web\wwwroot\lib\WebClient\controllers\JobCategoryController.js
D:\projects\repos\reolin\Reolin.Web\wwwroot\lib\WebClient\controllers\ProfileBaseController.js
D:\projects\repos\reolin\Reolin.Web\wwwroot\lib\WebClient\controllers\ProfileCommonController.js
D:\projects\repos\reolin\Reolin.Web\wwwroot\lib\WebClient\controllers\ProfileEditController.js
D:\projects\repos\reolin\Reolin.Web\wwwroot\lib\WebClient\controllers\ProfileViewController.js
D:\projects\repos\reolin\Reolin.Web\wwwroot\lib\WebClient\controllers\RegisterCVController.js
D:\projects\repos\reolin\Reolin.Web\wwwroot\lib\WebClient\controllers\RegisterWorkController.js
D:\projects\repos\reolin\Reolin.Web\wwwroot\lib\Infra\Profile.js
D:\projects\repos\reolin\Reolin.Web\wwwroot\lib\Infra\User.js
D:\projects\repos\reolin\Reolin.Web\wwwroot\lib\WebClient\DefaultJwtManager.js
D:\projects\repos\reolin\Reolin.Web\wwwroot\lib\WebClient\Global.js
D:\projects\repos\reolin\Reolin.Web\wwwroot\lib\WebClient\HttpResponse.js
D:\projects\repos\reolin\Reolin.Web\wwwroot\lib\WebClient\jwtsecuritytoken.js
D:\projects\repos\reolin\Reolin.Web\wwwroot\lib\WebClient\HttpService.js
D:\projects\repos\reolin\Reolin.Web\wwwroot\lib\WebClient\IJwtManager.js
D:\projects\repos\reolin\Reolin.Web\wwwroot\lib\WebClient\IJwtSource.js
D:\projects\repos\reolin\Reolin.Web\wwwroot\lib\WebClient\IJwtStore.js
D:\projects\repos\reolin\Reolin.Web\wwwroot\lib\WebClient\LocalJwtStore.js
D:\projects\repos\reolin\Reolin.Web\wwwroot\lib\WebClient\LoginInfo.js
D:\projects\repos\reolin\Reolin.Web\wwwroot\lib\WebClient\LoginManager.js
D:\projects\repos\reolin\Reolin.Web\wwwroot\lib\WebClient\RemoteJwtSource.js
D:\projects\repos\reolin\Reolin.Web\wwwroot\lib\WebClient\run.js
D:\projects\repos\reolin\Reolin.Web\wwwroot\lib\WebClient\ViewModels\ProfileViewModels.js
D:\projects\repos\reolin\Reolin.Web\wwwroot\lib\WebClient\Services\AccountService.js
D:\projects\repos\reolin\Reolin.Web\wwwroot\lib\WebClient\Services\ProfileServices.js
D:\projects\repos\reolin\Reolin.Web\wwwroot\lib\WebClient\Helpers\URLS.js
D:\projects\repos\reolin\Reolin.Web\wwwroot\lib\WebClient\controllers\AccountController.js
D:\projects\repos\reolin\Reolin.Web\wwwroot\lib\WebClient\controllers\ChooseProfileController.js
D:\projects\repos\reolin\Reolin.Web\wwwroot\lib\WebClient\controllers\IndexController.js
D:\projects\repos\reolin\Reolin.Web\wwwroot\lib\WebClient\controllers\JobCategoryController.js
D:\projects\repos\reolin\Reolin.Web\wwwroot\lib\WebClient\controllers\ProfileBaseController.js
D:\projects\repos\reolin\Reolin.Web\wwwroot\lib\WebClient\controllers\ProfileCommonController.js
D:\projects\repos\reolin\Reolin.Web\wwwroot\lib\WebClient\controllers\ProfileEditController.js
D:\projects\repos\reolin\Reolin.Web\wwwroot\lib\WebClient\controllers\ProfileViewController.js
D:\projects\repos\reolin\Reolin.Web\wwwroot\lib\WebClient\controllers\RegisterCVController.js
D:\projects\repos\reolin\Reolin.Web\wwwroot\lib\WebClient\controllers\RegisterWorkController.js
D:\projects\repos\reolin\Reolin.Web\wwwroot\lib\Infra\Profile.js
D:\projects\repos\reolin\Reolin.Web\wwwroot\lib\Infra\User.js
D:\projects\repos\reolin\Reolin.Web\wwwroot\lib\WebClient\DefaultJwtManager.js
D:\projects\repos\reolin\Reolin.Web\wwwroot\lib\WebClient\Global.js
D:\projects\repos\reolin\Reolin.Web\wwwroot\lib\WebClient\HttpResponse.js
D:\projects\repos\reolin\Reolin.Web\wwwroot\lib\WebClient\jwtsecuritytoken.js
D:\projects\repos\reolin\Reolin.Web\wwwroot\lib\WebClient\HttpService.js
D:\projects\repos\reolin\Reolin.Web\wwwroot\lib\WebClient\IJwtManager.js
D:\projects\repos\reolin\Reolin.Web\wwwroot\lib\WebClient\IJwtSource.js
D:\projects\repos\reolin\Reolin.Web\wwwroot\lib\WebClient\IJwtStore.js
D:\projects\repos\reolin\Reolin.Web\wwwroot\lib\WebClient\LocalJwtStore.js
D:\projects\repos\reolin\Reolin.Web\wwwroot\lib\WebClient\LoginInfo.js
D:\projects\repos\reolin\Reolin.Web\wwwroot\lib\WebClient\LoginManager.js
D:\projects\repos\reolin\Reolin.Web\wwwroot\lib\WebClient\RemoteJwtSource.js
D:\projects\repos\reolin\Reolin.Web\wwwroot\lib\WebClient\run.js
D:\projects\repos\reolin\Reolin.Web\wwwroot\lib\WebClient\ViewModels\ProfileViewModels.js
D:\projects\repos\reolin\Reolin.Web\wwwroot\lib\WebClient\Services\AccountService.js
D:\projects\repos\reolin\Reolin.Web\wwwroot\lib\WebClient\Services\ProfileServices.js
D:\projects\repos\reolin\Reolin.Web\wwwroot\lib\WebClient\Helpers\URLS.js
D:\projects\repos\reolin\Reolin.Web\wwwroot\lib\WebClient\controllers\AccountController.js
D:\projects\repos\reolin\Reolin.Web\wwwroot\lib\WebClient\controllers\ChooseProfileController.js
D:\projects\repos\reolin\Reolin.Web\wwwroot\lib\WebClient\controllers\IndexController.js
D:\projects\repos\reolin\Reolin.Web\wwwroot\lib\WebClient\controllers\JobCategoryController.js
D:\projects\repos\reolin\Reolin.Web\wwwroot\lib\WebClient\controllers\ProfileBaseController.js
D:\projects\repos\reolin\Reolin.Web\wwwroot\lib\WebClient\controllers\ProfileCommonController.js
D:\projects\repos\reolin\Reolin.Web\wwwroot\lib\WebClient\controllers\ProfileEditController.js
D:\projects\repos\reolin\Reolin.Web\wwwroot\lib\WebClient\controllers\ProfileViewController.js
D:\projects\repos\reolin\Reolin.Web\wwwroot\lib\WebClient\controllers\RegisterCVController.js
D:\projects\repos\reolin\Reolin.Web\wwwroot\lib\WebClient\controllers\RegisterWorkController.js
D:\projects\repos\reolin\Reolin.Web\wwwroot\lib\Infra\Profile.js
D:\projects\repos\reolin\Reolin.Web\wwwroot\lib\Infra\User.js
D:\projects\repos\reolin\Reolin.Web\wwwroot\lib\WebClient\DefaultJwtManager.js
D:\projects\repos\reolin\Reolin.Web\wwwroot\lib\WebClient\Global.js
D:\projects\repos\reolin\Reolin.Web\wwwroot\lib\WebClient\HttpResponse.js
D:\projects\repos\reolin\Reolin.Web\wwwroot\lib\WebClient\jwtsecuritytoken.js
D:\projects\repos\reolin\Reolin.Web\wwwroot\lib\WebClient\HttpService.js
D:\projects\repos\reolin\Reolin.Web\wwwroot\lib\WebClient\IJwtManager.js
D:\projects\repos\reolin\Reolin.Web\wwwroot\lib\WebClient\IJwtSource.js
D:\projects\repos\reolin\Reolin.Web\wwwroot\lib\WebClient\IJwtStore.js
D:\projects\repos\reolin\Reolin.Web\wwwroot\lib\WebClient\LocalJwtStore.js
D:\projects\repos\reolin\Reolin.Web\wwwroot\lib\WebClient\LoginInfo.js
D:\projects\repos\reolin\Reolin.Web\wwwroot\lib\WebClient\LoginManager.js
D:\projects\repos\reolin\Reolin.Web\wwwroot\lib\WebClient\RemoteJwtSource.js
D:\projects\repos\reolin\Reolin.Web\wwwroot\lib\WebClient\run.js
D:\projects\repos\reolin\Reolin.Web\wwwroot\lib\WebClient\ViewModels\ProfileViewModels.js
D:\projects\repos\reolin\Reolin.Web\wwwroot\lib\WebClient\Services\AccountService.js
D:\projects\repos\reolin\Reolin.Web\wwwroot\lib\WebClient\Services\ProfileServices.js
D:\projects\repos\reolin\Reolin.Web\wwwroot\lib\WebClient\Helpers\URLS.js
D:\projects\repos\reolin\Reolin.Web\wwwroot\lib\WebClient\controllers\AccountController.js
D:\projects\repos\reolin\Reolin.Web\wwwroot\lib\WebClient\controllers\ChooseProfileController.js
D:\projects\repos\reolin\Reolin.Web\wwwroot\lib\WebClient\controllers\IndexController.js
D:\projects\repos\reolin\Reolin.Web\wwwroot\lib\WebClient\controllers\JobCategoryController.js
D:\projects\repos\reolin\Reolin.Web\wwwroot\lib\WebClient\controllers\ProfileBaseController.js
D:\projects\repos\reolin\Reolin.Web\wwwroot\lib\WebClient\controllers\ProfileCommonController.js
D:\projects\repos\reolin\Reolin.Web\wwwroot\lib\WebClient\controllers\ProfileEditController.js
D:\projects\repos\reolin\Reolin.Web\wwwroot\lib\WebClient\controllers\ProfileViewController.js
D:\projects\repos\reolin\Reolin.Web\wwwroot\lib\WebClient\controllers\RegisterCVController.js
D:\projects\repos\reolin\Reolin.Web\wwwroot\lib\WebClient\controllers\RegisterWorkController.js
D:\projects\repos\reolin\Reolin.Web\wwwroot\lib\Infra\Profile.js
D:\projects\repos\reolin\Reolin.Web\wwwroot\lib\Infra\User.js
D:\projects\repos\reolin\Reolin.Web\wwwroot\lib\WebClient\DefaultJwtManager.js
D:\projects\repos\reolin\Reolin.Web\wwwroot\lib\WebClient\Global.js
D:\projects\repos\reolin\Reolin.Web\wwwroot\lib\WebClient\HttpResponse.js
D:\projects\repos\reolin\Reolin.Web\wwwroot\lib\WebClient\jwtsecuritytoken.js
D:\projects\repos\reolin\Reolin.Web\wwwroot\lib\WebClient\HttpService.js
D:\projects\repos\reolin\Reolin.Web\wwwroot\lib\WebClient\IJwtManager.js
D:\projects\repos\reolin\Reolin.Web\wwwroot\lib\WebClient\IJwtSource.js
D:\projects\repos\reolin\Reolin.Web\wwwroot\lib\WebClient\IJwtStore.js
D:\projects\repos\reolin\Reolin.Web\wwwroot\lib\WebClient\LocalJwtStore.js
D:\projects\repos\reolin\Reolin.Web\wwwroot\lib\WebClient\LoginInfo.js
D:\projects\repos\reolin\Reolin.Web\wwwroot\lib\WebClient\LoginManager.js
D:\projects\repos\reolin\Reolin.Web\wwwroot\lib\WebClient\RemoteJwtSource.js
D:\projects\repos\reolin\Reolin.Web\wwwroot\lib\WebClient\run.js
D:\projects\repos\reolin\Reolin.Web\wwwroot\lib\WebClient\ViewModels\ProfileViewModels.js
D:\projects\repos\reolin\Reolin.Web\wwwroot\lib\WebClient\Services\AccountService.js
D:\projects\repos\reolin\Reolin.Web\wwwroot\lib\WebClient\Services\ProfileServices.js
D:\projects\repos\reolin\Reolin.Web\wwwroot\lib\WebClient\Helpers\URLS.js
D:\projects\repos\reolin\Reolin.Web\wwwroot\lib\WebClient\controllers\AccountController.js
D:\projects\repos\reolin\Reolin.Web\wwwroot\lib\WebClient\controllers\ChooseProfileController.js
D:\projects\repos\reolin\Reolin.Web\wwwroot\lib\WebClient\controllers\IndexController.js
D:\projects\repos\reolin\Reolin.Web\wwwroot\lib\WebClient\controllers\JobCategoryController.js
D:\projects\repos\reolin\Reolin.Web\wwwroot\lib\WebClient\controllers\ProfileBaseController.js
D:\projects\repos\reolin\Reolin.Web\wwwroot\lib\WebClient\controllers\ProfileCommonController.js
D:\projects\repos\reolin\Reolin.Web\wwwroot\lib\WebClient\controllers\ProfileEditController.js
D:\projects\repos\reolin\Reolin.Web\wwwroot\lib\WebClient\controllers\ProfileViewController.js
D:\projects\repos\reolin\Reolin.Web\wwwroot\lib\WebClient\controllers\RegisterCVController.js
D:\projects\repos\reolin\Reolin.Web\wwwroot\lib\WebClient\controllers\RegisterWorkController.js
D:\projects\repos\reolin\Reolin.Web\wwwroot\lib\Infra\Profile.js
D:\projects\repos\reolin\Reolin.Web\wwwroot\lib\Infra\User.js
D:\projects\repos\reolin\Reolin.Web\wwwroot\lib\WebClient\DefaultJwtManager.js
D:\projects\repos\reolin\Reolin.Web\wwwroot\lib\WebClient\Global.js
D:\projects\repos\reolin\Reolin.Web\wwwroot\lib\WebClient\HttpResponse.js
D:\projects\repos\reolin\Reolin.Web\wwwroot\lib\WebClient\jwtsecuritytoken.js
D:\projects\repos\reolin\Reolin.Web\wwwroot\lib\WebClient\HttpService.js
D:\projects\repos\reolin\Reolin.Web\wwwroot\lib\WebClient\IJwtManager.js
D:\projects\repos\reolin\Reolin.Web\wwwroot\lib\WebClient\IJwtSource.js
D:\projects\repos\reolin\Reolin.Web\wwwroot\lib\WebClient\IJwtStore.js
D:\projects\repos\reolin\Reolin.Web\wwwroot\lib\WebClient\LocalJwtStore.js
D:\projects\repos\reolin\Reolin.Web\wwwroot\lib\WebClient\LoginInfo.js
D:\projects\repos\reolin\Reolin.Web\wwwroot\lib\WebClient\LoginManager.js
D:\projects\repos\reolin\Reolin.Web\wwwroot\lib\WebClient\RemoteJwtSource.js
D:\projects\repos\reolin\Reolin.Web\wwwroot\lib\WebClient\run.js
D:\projects\repos\reolin\Reolin.Web\wwwroot\lib\WebClient\ViewModels\ProfileViewModels.js
D:\projects\repos\reolin\Reolin.Web\wwwroot\lib\WebClient\Services\AccountService.js
D:\projects\repos\reolin\Reolin.Web\wwwroot\lib\WebClient\Services\ProfileServices.js
D:\projects\repos\reolin\Reolin.Web\wwwroot\lib\WebClient\Helpers\URLS.js
D:\projects\repos\reolin\Reolin.Web\wwwroot\lib\WebClient\controllers\AccountController.js
D:\projects\repos\reolin\Reolin.Web\wwwroot\lib\WebClient\controllers\ChooseProfileController.js
D:\projects\repos\reolin\Reolin.Web\wwwroot\lib\WebClient\controllers\IndexController.js
D:\projects\repos\reolin\Reolin.Web\wwwroot\lib\WebClient\controllers\JobCategoryController.js
D:\projects\repos\reolin\Reolin.Web\wwwroot\lib\WebClient\controllers\ProfileBaseController.js
D:\projects\repos\reolin\Reolin.Web\wwwroot\lib\WebClient\controllers\ProfileCommonController.js
D:\projects\repos\reolin\Reolin.Web\wwwroot\lib\WebClient\controllers\ProfileEditController.js
D:\projects\repos\reolin\Reolin.Web\wwwroot\lib\WebClient\controllers\ProfileViewController.js
D:\projects\repos\reolin\Reolin.Web\wwwroot\lib\WebClient\controllers\RegisterCVController.js
D:\projects\repos\reolin\Reolin.Web\wwwroot\lib\WebClient\controllers\RegisterWorkController.js
D:\projects\repos\reolin\Reolin.Web\wwwroot\lib\Infra\Profile.js
D:\projects\repos\reolin\Reolin.Web\wwwroot\lib\Infra\User.js
D:\projects\repos\reolin\Reolin.Web\wwwroot\lib\WebClient\DefaultJwtManager.js
D:\projects\repos\reolin\Reolin.Web\wwwroot\lib\WebClient\Global.js
D:\projects\repos\reolin\Reolin.Web\wwwroot\lib\WebClient\HttpResponse.js
D:\projects\repos\reolin\Reolin.Web\wwwroot\lib\WebClient\jwtsecuritytoken.js
D:\projects\repos\reolin\Reolin.Web\wwwroot\lib\WebClient\HttpService.js
D:\projects\repos\reolin\Reolin.Web\wwwroot\lib\WebClient\IJwtManager.js
D:\projects\repos\reolin\Reolin.Web\wwwroot\lib\WebClient\IJwtSource.js
D:\projects\repos\reolin\Reolin.Web\wwwroot\lib\WebClient\IJwtStore.js
D:\projects\repos\reolin\Reolin.Web\wwwroot\lib\WebClient\LocalJwtStore.js
D:\projects\repos\reolin\Reolin.Web\wwwroot\lib\WebClient\LoginInfo.js
D:\projects\repos\reolin\Reolin.Web\wwwroot\lib\WebClient\LoginManager.js
D:\projects\repos\reolin\Reolin.Web\wwwroot\lib\WebClient\RemoteJwtSource.js
D:\projects\repos\reolin\Reolin.Web\wwwroot\lib\WebClient\run.js
D:\projects\repos\reolin\Reolin.Web\wwwroot\lib\WebClient\ViewModels\ProfileViewModels.js
D:\projects\repos\reolin\Reolin.Web\wwwroot\lib\WebClient\Services\AccountService.js
D:\projects\repos\reolin\Reolin.Web\wwwroot\lib\WebClient\Services\ProfileServices.js
D:\projects\repos\reolin\Reolin.Web\wwwroot\lib\WebClient\Helpers\URLS.js
D:\projects\repos\reolin\Reolin.Web\wwwroot\lib\WebClient\controllers\AccountController.js
D:\projects\repos\reolin\Reolin.Web\wwwroot\lib\WebClient\controllers\ChooseProfileController.js
D:\projects\repos\reolin\Reolin.Web\wwwroot\lib\WebClient\controllers\IndexController.js
D:\projects\repos\reolin\Reolin.Web\wwwroot\lib\WebClient\controllers\JobCategoryController.js
D:\projects\repos\reolin\Reolin.Web\wwwroot\lib\WebClient\controllers\ProfileBaseController.js
D:\projects\repos\reolin\Reolin.Web\wwwroot\lib\WebClient\controllers\ProfileCommonController.js
D:\projects\repos\reolin\Reolin.Web\wwwroot\lib\WebClient\controllers\ProfileEditController.js
D:\projects\repos\reolin\Reolin.Web\wwwroot\lib\WebClient\controllers\ProfileViewController.js
D:\projects\repos\reolin\Reolin.Web\wwwroot\lib\WebClient\controllers\RegisterCVController.js
D:\projects\repos\reolin\Reolin.Web\wwwroot\lib\WebClient\controllers\RegisterWorkController.js
D:\projects\repos\reolin\Reolin.Web\wwwroot\lib\Infra\Profile.js
D:\projects\repos\reolin\Reolin.Web\wwwroot\lib\Infra\User.js
D:\projects\repos\reolin\Reolin.Web\wwwroot\lib\WebClient\DefaultJwtManager.js
D:\projects\repos\reolin\Reolin.Web\wwwroot\lib\WebClient\Global.js
D:\projects\repos\reolin\Reolin.Web\wwwroot\lib\WebClient\HttpResponse.js
D:\projects\repos\reolin\Reolin.Web\wwwroot\lib\WebClient\jwtsecuritytoken.js
D:\projects\repos\reolin\Reolin.Web\wwwroot\lib\WebClient\HttpService.js
D:\projects\repos\reolin\Reolin.Web\wwwroot\lib\WebClient\IJwtManager.js
D:\projects\repos\reolin\Reolin.Web\wwwroot\lib\WebClient\IJwtSource.js
D:\projects\repos\reolin\Reolin.Web\wwwroot\lib\WebClient\IJwtStore.js
D:\projects\repos\reolin\Reolin.Web\wwwroot\lib\WebClient\LocalJwtStore.js
D:\projects\repos\reolin\Reolin.Web\wwwroot\lib\WebClient\LoginInfo.js
D:\projects\repos\reolin\Reolin.Web\wwwroot\lib\WebClient\LoginManager.js
D:\projects\repos\reolin\Reolin.Web\wwwroot\lib\WebClient\RemoteJwtSource.js
D:\projects\repos\reolin\Reolin.Web\wwwroot\lib\WebClient\run.js
D:\projects\repos\reolin\Reolin.Web\wwwroot\lib\WebClient\ViewModels\ProfileViewModels.js
D:\projects\repos\reolin\Reolin.Web\wwwroot\lib\WebClient\Services\AccountService.js
D:\projects\repos\reolin\Reolin.Web\wwwroot\lib\WebClient\Services\ProfileServices.js
D:\projects\repos\reolin\Reolin.Web\wwwroot\lib\WebClient\Helpers\URLS.js
D:\projects\repos\reolin\Reolin.Web\wwwroot\lib\WebClient\controllers\AccountController.js
D:\projects\repos\reolin\Reolin.Web\wwwroot\lib\WebClient\controllers\ChooseProfileController.js
D:\projects\repos\reolin\Reolin.Web\wwwroot\lib\WebClient\controllers\IndexController.js
D:\projects\repos\reolin\Reolin.Web\wwwroot\lib\WebClient\controllers\JobCategoryController.js
D:\projects\repos\reolin\Reolin.Web\wwwroot\lib\WebClient\controllers\ProfileBaseController.js
D:\projects\repos\reolin\Reolin.Web\wwwroot\lib\WebClient\controllers\ProfileCommonController.js
D:\projects\repos\reolin\Reolin.Web\wwwroot\lib\WebClient\controllers\ProfileEditController.js
D:\projects\repos\reolin\Reolin.Web\wwwroot\lib\WebClient\controllers\ProfileViewController.js
D:\projects\repos\reolin\Reolin.Web\wwwroot\lib\WebClient\controllers\RegisterCVController.js
D:\projects\repos\reolin\Reolin.Web\wwwroot\lib\WebClient\controllers\RegisterWorkController.js
D:\projects\repos\reolin\Reolin.Web\wwwroot\lib\Infra\Profile.js
D:\projects\repos\reolin\Reolin.Web\wwwroot\lib\Infra\User.js
D:\projects\repos\reolin\Reolin.Web\wwwroot\lib\WebClient\DefaultJwtManager.js
D:\projects\repos\reolin\Reolin.Web\wwwroot\lib\WebClient\Global.js
D:\projects\repos\reolin\Reolin.Web\wwwroot\lib\WebClient\HttpResponse.js
D:\projects\repos\reolin\Reolin.Web\wwwroot\lib\WebClient\jwtsecuritytoken.js
D:\projects\repos\reolin\Reolin.Web\wwwroot\lib\WebClient\HttpService.js
D:\projects\repos\reolin\Reolin.Web\wwwroot\lib\WebClient\IJwtManager.js
D:\projects\repos\reolin\Reolin.Web\wwwroot\lib\WebClient\IJwtSource.js
D:\projects\repos\reolin\Reolin.Web\wwwroot\lib\WebClient\IJwtStore.js
D:\projects\repos\reolin\Reolin.Web\wwwroot\lib\WebClient\LocalJwtStore.js
D:\projects\repos\reolin\Reolin.Web\wwwroot\lib\WebClient\LoginInfo.js
D:\projects\repos\reolin\Reolin.Web\wwwroot\lib\WebClient\LoginManager.js
D:\projects\repos\reolin\Reolin.Web\wwwroot\lib\WebClient\RemoteJwtSource.js
D:\projects\repos\reolin\Reolin.Web\wwwroot\lib\WebClient\run.js
D:\projects\repos\reolin\Reolin.Web\wwwroot\lib\WebClient\ViewModels\ProfileViewModels.js
D:\projects\repos\reolin\Reolin.Web\wwwroot\lib\WebClient\Services\AccountService.js
D:\projects\repos\reolin\Reolin.Web\wwwroot\lib\WebClient\Services\ProfileServices.js
D:\projects\repos\reolin\Reolin.Web\wwwroot\lib\WebClient\Helpers\URLS.js
D:\projects\repos\reolin\Reolin.Web\wwwroot\lib\WebClient\controllers\AccountController.js
D:\projects\repos\reolin\Reolin.Web\wwwroot\lib\WebClient\controllers\ChooseProfileController.js
D:\projects\repos\reolin\Reolin.Web\wwwroot\lib\WebClient\controllers\IndexController.js
D:\projects\repos\reolin\Reolin.Web\wwwroot\lib\WebClient\controllers\JobCategoryController.js
D:\projects\repos\reolin\Reolin.Web\wwwroot\lib\WebClient\controllers\ProfileBaseController.js
D:\projects\repos\reolin\Reolin.Web\wwwroot\lib\WebClient\controllers\ProfileCommonController.js
D:\projects\repos\reolin\Reolin.Web\wwwroot\lib\WebClient\controllers\ProfileEditController.js
D:\projects\repos\reolin\Reolin.Web\wwwroot\lib\WebClient\controllers\ProfileViewController.js
D:\projects\repos\reolin\Reolin.Web\wwwroot\lib\WebClient\controllers\RegisterCVController.js
D:\projects\repos\reolin\Reolin.Web\wwwroot\lib\WebClient\controllers\RegisterWorkController.js
D:\projects\repos\reolin\Reolin.Web\wwwroot\lib\Infra\Profile.js
D:\projects\repos\reolin\Reolin.Web\wwwroot\lib\Infra\User.js
D:\projects\repos\reolin\Reolin.Web\wwwroot\lib\WebClient\DefaultJwtManager.js
D:\projects\repos\reolin\Reolin.Web\wwwroot\lib\WebClient\Global.js
D:\projects\repos\reolin\Reolin.Web\wwwroot\lib\WebClient\HttpResponse.js
D:\projects\repos\reolin\Reolin.Web\wwwroot\lib\WebClient\jwtsecuritytoken.js
D:\projects\repos\reolin\Reolin.Web\wwwroot\lib\WebClient\HttpService.js
D:\projects\repos\reolin\Reolin.Web\wwwroot\lib\WebClient\IJwtManager.js
D:\projects\repos\reolin\Reolin.Web\wwwroot\lib\WebClient\IJwtSource.js
D:\projects\repos\reolin\Reolin.Web\wwwroot\lib\WebClient\IJwtStore.js
D:\projects\repos\reolin\Reolin.Web\wwwroot\lib\WebClient\LocalJwtStore.js
D:\projects\repos\reolin\Reolin.Web\wwwroot\lib\WebClient\LoginInfo.js
D:\projects\repos\reolin\Reolin.Web\wwwroot\lib\WebClient\LoginManager.js
D:\projects\repos\reolin\Reolin.Web\wwwroot\lib\WebClient\RemoteJwtSource.js
D:\projects\repos\reolin\Reolin.Web\wwwroot\lib\WebClient\run.js
D:\projects\repos\reolin\Reolin.Web\wwwroot\lib\WebClient\ViewModels\ProfileViewModels.js
D:\projects\repos\reolin\Reolin.Web\wwwroot\lib\WebClient\Services\AccountService.js
D:\projects\repos\reolin\Reolin.Web\wwwroot\lib\WebClient\Services\ProfileServices.js
D:\projects\repos\reolin\Reolin.Web\wwwroot\lib\WebClient\Helpers\URLS.js
D:\projects\repos\reolin\Reolin.Web\wwwroot\lib\WebClient\controllers\AccountController.js
D:\projects\repos\reolin\Reolin.Web\wwwroot\lib\WebClient\controllers\ChooseProfileController.js
D:\projects\repos\reolin\Reolin.Web\wwwroot\lib\WebClient\controllers\IndexController.js
D:\projects\repos\reolin\Reolin.Web\wwwroot\lib\WebClient\controllers\JobCategoryController.js
D:\projects\repos\reolin\Reolin.Web\wwwroot\lib\WebClient\controllers\ProfileBaseController.js
D:\projects\repos\reolin\Reolin.Web\wwwroot\lib\WebClient\controllers\ProfileCommonController.js
D:\projects\repos\reolin\Reolin.Web\wwwroot\lib\WebClient\controllers\ProfileEditController.js
D:\projects\repos\reolin\Reolin.Web\wwwroot\lib\WebClient\controllers\ProfileViewController.js
D:\projects\repos\reolin\Reolin.Web\wwwroot\lib\WebClient\controllers\RegisterCVController.js
D:\projects\repos\reolin\Reolin.Web\wwwroot\lib\WebClient\controllers\RegisterWorkController.js
D:\projects\repos\reolin\Reolin.Web\wwwroot\lib\Infra\Profile.js
D:\projects\repos\reolin\Reolin.Web\wwwroot\lib\Infra\User.js
D:\projects\repos\reolin\Reolin.Web\wwwroot\lib\WebClient\DefaultJwtManager.js
D:\projects\repos\reolin\Reolin.Web\wwwroot\lib\WebClient\Global.js
D:\projects\repos\reolin\Reolin.Web\wwwroot\lib\WebClient\HttpResponse.js
D:\projects\repos\reolin\Reolin.Web\wwwroot\lib\WebClient\jwtsecuritytoken.js
D:\projects\repos\reolin\Reolin.Web\wwwroot\lib\WebClient\HttpService.js
D:\projects\repos\reolin\Reolin.Web\wwwroot\lib\WebClient\IJwtManager.js
D:\projects\repos\reolin\Reolin.Web\wwwroot\lib\WebClient\IJwtSource.js
D:\projects\repos\reolin\Reolin.Web\wwwroot\lib\WebClient\IJwtStore.js
D:\projects\repos\reolin\Reolin.Web\wwwroot\lib\WebClient\LocalJwtStore.js
D:\projects\repos\reolin\Reolin.Web\wwwroot\lib\WebClient\LoginInfo.js
D:\projects\repos\reolin\Reolin.Web\wwwroot\lib\WebClient\LoginManager.js
D:\projects\repos\reolin\Reolin.Web\wwwroot\lib\WebClient\RemoteJwtSource.js
D:\projects\repos\reolin\Reolin.Web\wwwroot\lib\WebClient\run.js
D:\projects\repos\reolin\Reolin.Web\wwwroot\lib\WebClient\ViewModels\ProfileViewModels.js
D:\projects\repos\reolin\Reolin.Web\wwwroot\lib\WebClient\Services\AccountService.js
D:\projects\repos\reolin\Reolin.Web\wwwroot\lib\WebClient\Services\ProfileServices.js
D:\projects\repos\reolin\Reolin.Web\wwwroot\lib\WebClient\Helpers\URLS.js
D:\projects\repos\reolin\Reolin.Web\wwwroot\lib\WebClient\controllers\AccountController.js
D:\projects\repos\reolin\Reolin.Web\wwwroot\lib\WebClient\controllers\ChooseProfileController.js
D:\projects\repos\reolin\Reolin.Web\wwwroot\lib\WebClient\controllers\IndexController.js
D:\projects\repos\reolin\Reolin.Web\wwwroot\lib\WebClient\controllers\JobCategoryController.js
D:\projects\repos\reolin\Reolin.Web\wwwroot\lib\WebClient\controllers\ProfileBaseController.js
D:\projects\repos\reolin\Reolin.Web\wwwroot\lib\WebClient\controllers\ProfileCommonController.js
D:\projects\repos\reolin\Reolin.Web\wwwroot\lib\WebClient\controllers\ProfileEditController.js
D:\projects\repos\reolin\Reolin.Web\wwwroot\lib\WebClient\controllers\ProfileViewController.js
D:\projects\repos\reolin\Reolin.Web\wwwroot\lib\WebClient\controllers\RegisterCVController.js
D:\projects\repos\reolin\Reolin.Web\wwwroot\lib\WebClient\controllers\RegisterWorkController.js
D:\projects\repos\reolin\Reolin.Web\wwwroot\lib\Infra\Profile.js
D:\projects\repos\reolin\Reolin.Web\wwwroot\lib\Infra\User.js
D:\projects\repos\reolin\Reolin.Web\wwwroot\lib\WebClient\DefaultJwtManager.js
D:\projects\repos\reolin\Reolin.Web\wwwroot\lib\WebClient\Global.js
D:\projects\repos\reolin\Reolin.Web\wwwroot\lib\WebClient\HttpResponse.js
D:\projects\repos\reolin\Reolin.Web\wwwroot\lib\WebClient\jwtsecuritytoken.js
D:\projects\repos\reolin\Reolin.Web\wwwroot\lib\WebClient\HttpService.js
D:\projects\repos\reolin\Reolin.Web\wwwroot\lib\WebClient\IJwtManager.js
D:\projects\repos\reolin\Reolin.Web\wwwroot\lib\WebClient\IJwtSource.js
D:\projects\repos\reolin\Reolin.Web\wwwroot\lib\WebClient\IJwtStore.js
D:\projects\repos\reolin\Reolin.Web\wwwroot\lib\WebClient\LocalJwtStore.js
D:\projects\repos\reolin\Reolin.Web\wwwroot\lib\WebClient\LoginInfo.js
D:\projects\repos\reolin\Reolin.Web\wwwroot\lib\WebClient\LoginManager.js
D:\projects\repos\reolin\Reolin.Web\wwwroot\lib\WebClient\RemoteJwtSource.js
D:\projects\repos\reolin\Reolin.Web\wwwroot\lib\WebClient\run.js
D:\projects\repos\reolin\Reolin.Web\wwwroot\lib\WebClient\ViewModels\ProfileViewModels.js
D:\projects\repos\reolin\Reolin.Web\wwwroot\lib\WebClient\Services\AccountService.js
D:\projects\repos\reolin\Reolin.Web\wwwroot\lib\WebClient\Services\ProfileServices.js
D:\projects\repos\reolin\Reolin.Web\wwwroot\lib\WebClient\Helpers\URLS.js
D:\projects\repos\reolin\Reolin.Web\wwwroot\lib\WebClient\controllers\AccountController.js
D:\projects\repos\reolin\Reolin.Web\wwwroot\lib\WebClient\controllers\ChooseProfileController.js
D:\projects\repos\reolin\Reolin.Web\wwwroot\lib\WebClient\controllers\IndexController.js
D:\projects\repos\reolin\Reolin.Web\wwwroot\lib\WebClient\controllers\JobCategoryController.js
D:\projects\repos\reolin\Reolin.Web\wwwroot\lib\WebClient\controllers\ProfileBaseController.js
D:\projects\repos\reolin\Reolin.Web\wwwroot\lib\WebClient\controllers\ProfileCommonController.js
D:\projects\repos\reolin\Reolin.Web\wwwroot\lib\WebClient\controllers\ProfileEditController.js
D:\projects\repos\reolin\Reolin.Web\wwwroot\lib\WebClient\controllers\ProfileViewController.js
D:\projects\repos\reolin\Reolin.Web\wwwroot\lib\WebClient\controllers\RegisterCVController.js
D:\projects\repos\reolin\Reolin.Web\wwwroot\lib\WebClient\controllers\RegisterWorkController.js
D:\projects\repos\reolin\Reolin.Web\wwwroot\lib\Infra\Profile.js
D:\projects\repos\reolin\Reolin.Web\wwwroot\lib\Infra\User.js
D:\projects\repos\reolin\Reolin.Web\wwwroot\lib\WebClient\DefaultJwtManager.js
D:\projects\repos\reolin\Reolin.Web\wwwroot\lib\WebClient\Global.js
D:\projects\repos\reolin\Reolin.Web\wwwroot\lib\WebClient\HttpResponse.js
D:\projects\repos\reolin\Reolin.Web\wwwroot\lib\WebClient\jwtsecuritytoken.js
D:\projects\repos\reolin\Reolin.Web\wwwroot\lib\WebClient\HttpService.js
D:\projects\repos\reolin\Reolin.Web\wwwroot\lib\WebClient\IJwtManager.js
D:\projects\repos\reolin\Reolin.Web\wwwroot\lib\WebClient\IJwtSource.js
D:\projects\repos\reolin\Reolin.Web\wwwroot\lib\WebClient\IJwtStore.js
D:\projects\repos\reolin\Reolin.Web\wwwroot\lib\WebClient\LocalJwtStore.js
D:\projects\repos\reolin\Reolin.Web\wwwroot\lib\WebClient\LoginInfo.js
D:\projects\repos\reolin\Reolin.Web\wwwroot\lib\WebClient\LoginManager.js
D:\projects\repos\reolin\Reolin.Web\wwwroot\lib\WebClient\RemoteJwtSource.js
D:\projects\repos\reolin\Reolin.Web\wwwroot\lib\WebClient\run.js
D:\projects\repos\reolin\Reolin.Web\wwwroot\lib\WebClient\ViewModels\ProfileViewModels.js
D:\projects\repos\reolin\Reolin.Web\wwwroot\lib\WebClient\Services\AccountService.js
D:\projects\repos\reolin\Reolin.Web\wwwroot\lib\WebClient\Services\ProfileServices.js
D:\projects\repos\reolin\Reolin.Web\wwwroot\lib\WebClient\Helpers\URLS.js
D:\projects\repos\reolin\Reolin.Web\wwwroot\lib\WebClient\controllers\AccountController.js
D:\projects\repos\reolin\Reolin.Web\wwwroot\lib\WebClient\controllers\ChooseProfileController.js
D:\projects\repos\reolin\Reolin.Web\wwwroot\lib\WebClient\controllers\IndexController.js
D:\projects\repos\reolin\Reolin.Web\wwwroot\lib\WebClient\controllers\JobCategoryController.js
D:\projects\repos\reolin\Reolin.Web\wwwroot\lib\WebClient\controllers\ProfileBaseController.js
D:\projects\repos\reolin\Reolin.Web\wwwroot\lib\WebClient\controllers\ProfileCommonController.js
D:\projects\repos\reolin\Reolin.Web\wwwroot\lib\WebClient\controllers\ProfileEditController.js
D:\projects\repos\reolin\Reolin.Web\wwwroot\lib\WebClient\controllers\ProfileViewController.js
D:\projects\repos\reolin\Reolin.Web\wwwroot\lib\WebClient\controllers\RegisterCVController.js
D:\projects\repos\reolin\Reolin.Web\wwwroot\lib\WebClient\controllers\RegisterWorkController.js
D:\projects\repos\reolin\Reolin.Web\wwwroot\lib\Infra\Profile.js
D:\projects\repos\reolin\Reolin.Web\wwwroot\lib\Infra\User.js
D:\projects\repos\reolin\Reolin.Web\wwwroot\lib\WebClient\DefaultJwtManager.js
D:\projects\repos\reolin\Reolin.Web\wwwroot\lib\WebClient\Global.js
D:\projects\repos\reolin\Reolin.Web\wwwroot\lib\WebClient\HttpResponse.js
D:\projects\repos\reolin\Reolin.Web\wwwroot\lib\WebClient\jwtsecuritytoken.js
D:\projects\repos\reolin\Reolin.Web\wwwroot\lib\WebClient\HttpService.js
D:\projects\repos\reolin\Reolin.Web\wwwroot\lib\WebClient\IJwtManager.js
D:\projects\repos\reolin\Reolin.Web\wwwroot\lib\WebClient\IJwtSource.js
D:\projects\repos\reolin\Reolin.Web\wwwroot\lib\WebClient\IJwtStore.js
D:\projects\repos\reolin\Reolin.Web\wwwroot\lib\WebClient\LocalJwtStore.js
D:\projects\repos\reolin\Reolin.Web\wwwroot\lib\WebClient\LoginInfo.js
D:\projects\repos\reolin\Reolin.Web\wwwroot\lib\WebClient\LoginManager.js
D:\projects\repos\reolin\Reolin.Web\wwwroot\lib\WebClient\RemoteJwtSource.js
D:\projects\repos\reolin\Reolin.Web\wwwroot\lib\WebClient\run.js
D:\projects\repos\reolin\Reolin.Web\wwwroot\lib\WebClient\ViewModels\ProfileViewModels.js
D:\projects\repos\reolin\Reolin.Web\wwwroot\lib\WebClient\Services\AccountService.js
D:\projects\repos\reolin\Reolin.Web\wwwroot\lib\WebClient\Services\ProfileServices.js
D:\projects\repos\reolin\Reolin.Web\wwwroot\lib\WebClient\Helpers\URLS.js
D:\projects\repos\reolin\Reolin.Web\wwwroot\lib\WebClient\controllers\AccountController.js
D:\projects\repos\reolin\Reolin.Web\wwwroot\lib\WebClient\controllers\ChooseProfileController.js
D:\projects\repos\reolin\Reolin.Web\wwwroot\lib\WebClient\controllers\IndexController.js
D:\projects\repos\reolin\Reolin.Web\wwwroot\lib\WebClient\controllers\JobCategoryController.js
D:\projects\repos\reolin\Reolin.Web\wwwroot\lib\WebClient\controllers\ProfileBaseController.js
D:\projects\repos\reolin\Reolin.Web\wwwroot\lib\WebClient\controllers\ProfileCommonController.js
D:\projects\repos\reolin\Reolin.Web\wwwroot\lib\WebClient\controllers\ProfileEditController.js
D:\projects\repos\reolin\Reolin.Web\wwwroot\lib\WebClient\controllers\ProfileViewController.js
D:\projects\repos\reolin\Reolin.Web\wwwroot\lib\WebClient\controllers\RegisterCVController.js
D:\projects\repos\reolin\Reolin.Web\wwwroot\lib\WebClient\controllers\RegisterWorkController.js
D:\projects\repos\reolin\Reolin.Web\wwwroot\lib\Infra\Profile.js
D:\projects\repos\reolin\Reolin.Web\wwwroot\lib\Infra\User.js
D:\projects\repos\reolin\Reolin.Web\wwwroot\lib\WebClient\DefaultJwtManager.js
D:\projects\repos\reolin\Reolin.Web\wwwroot\lib\WebClient\Global.js
D:\projects\repos\reolin\Reolin.Web\wwwroot\lib\WebClient\HttpResponse.js
D:\projects\repos\reolin\Reolin.Web\wwwroot\lib\WebClient\jwtsecuritytoken.js
D:\projects\repos\reolin\Reolin.Web\wwwroot\lib\WebClient\HttpService.js
D:\projects\repos\reolin\Reolin.Web\wwwroot\lib\WebClient\IJwtManager.js
D:\projects\repos\reolin\Reolin.Web\wwwroot\lib\WebClient\IJwtSource.js
D:\projects\repos\reolin\Reolin.Web\wwwroot\lib\WebClient\IJwtStore.js
D:\projects\repos\reolin\Reolin.Web\wwwroot\lib\WebClient\LocalJwtStore.js
D:\projects\repos\reolin\Reolin.Web\wwwroot\lib\WebClient\LoginInfo.js
D:\projects\repos\reolin\Reolin.Web\wwwroot\lib\WebClient\LoginManager.js
D:\projects\repos\reolin\Reolin.Web\wwwroot\lib\WebClient\RemoteJwtSource.js
D:\projects\repos\reolin\Reolin.Web\wwwroot\lib\WebClient\run.js
D:\projects\repos\reolin\Reolin.Web\wwwroot\lib\WebClient\ViewModels\ProfileViewModels.js
D:\projects\repos\reolin\Reolin.Web\wwwroot\lib\WebClient\Services\AccountService.js
D:\projects\repos\reolin\Reolin.Web\wwwroot\lib\WebClient\Services\ProfileServices.js
D:\projects\repos\reolin\Reolin.Web\wwwroot\lib\WebClient\Helpers\URLS.js
D:\projects\repos\reolin\Reolin.Web\wwwroot\lib\WebClient\controllers\AccountController.js
D:\projects\repos\reolin\Reolin.Web\wwwroot\lib\WebClient\controllers\ChooseProfileController.js
D:\projects\repos\reolin\Reolin.Web\wwwroot\lib\WebClient\controllers\IndexController.js
D:\projects\repos\reolin\Reolin.Web\wwwroot\lib\WebClient\controllers\JobCategoryController.js
D:\projects\repos\reolin\Reolin.Web\wwwroot\lib\WebClient\controllers\ProfileBaseController.js
D:\projects\repos\reolin\Reolin.Web\wwwroot\lib\WebClient\controllers\ProfileCommonController.js
D:\projects\repos\reolin\Reolin.Web\wwwroot\lib\WebClient\controllers\ProfileEditController.js
D:\projects\repos\reolin\Reolin.Web\wwwroot\lib\WebClient\controllers\ProfileViewController.js
D:\projects\repos\reolin\Reolin.Web\wwwroot\lib\WebClient\controllers\RegisterCVController.js
D:\projects\repos\reolin\Reolin.Web\wwwroot\lib\WebClient\controllers\RegisterWorkController.js
D:\projects\repos\reolin\Reolin.Web\wwwroot\lib\Infra\Profile.js
D:\projects\repos\reolin\Reolin.Web\wwwroot\lib\Infra\User.js
D:\projects\repos\reolin\Reolin.Web\wwwroot\lib\WebClient\DefaultJwtManager.js
D:\projects\repos\reolin\Reolin.Web\wwwroot\lib\WebClient\Global.js
D:\projects\repos\reolin\Reolin.Web\wwwroot\lib\WebClient\HttpResponse.js
D:\projects\repos\reolin\Reolin.Web\wwwroot\lib\WebClient\jwtsecuritytoken.js
D:\projects\repos\reolin\Reolin.Web\wwwroot\lib\WebClient\HttpService.js
D:\projects\repos\reolin\Reolin.Web\wwwroot\lib\WebClient\IJwtManager.js
D:\projects\repos\reolin\Reolin.Web\wwwroot\lib\WebClient\IJwtSource.js
D:\projects\repos\reolin\Reolin.Web\wwwroot\lib\WebClient\IJwtStore.js
D:\projects\repos\reolin\Reolin.Web\wwwroot\lib\WebClient\LocalJwtStore.js
D:\projects\repos\reolin\Reolin.Web\wwwroot\lib\WebClient\LoginInfo.js
D:\projects\repos\reolin\Reolin.Web\wwwroot\lib\WebClient\LoginManager.js
D:\projects\repos\reolin\Reolin.Web\wwwroot\lib\WebClient\RemoteJwtSource.js
D:\projects\repos\reolin\Reolin.Web\wwwroot\lib\WebClient\run.js
D:\projects\repos\reolin\Reolin.Web\wwwroot\lib\WebClient\ViewModels\ProfileViewModels.js
D:\projects\repos\reolin\Reolin.Web\wwwroot\lib\WebClient\Services\AccountService.js
D:\projects\repos\reolin\Reolin.Web\wwwroot\lib\WebClient\Services\ProfileServices.js
D:\projects\repos\reolin\Reolin.Web\wwwroot\lib\WebClient\Helpers\URLS.js
D:\projects\repos\reolin\Reolin.Web\wwwroot\lib\WebClient\controllers\AccountController.js
D:\projects\repos\reolin\Reolin.Web\wwwroot\lib\WebClient\controllers\ChooseProfileController.js
D:\projects\repos\reolin\Reolin.Web\wwwroot\lib\WebClient\controllers\IndexController.js
D:\projects\repos\reolin\Reolin.Web\wwwroot\lib\WebClient\controllers\JobCategoryController.js
D:\projects\repos\reolin\Reolin.Web\wwwroot\lib\WebClient\controllers\ProfileBaseController.js
D:\projects\repos\reolin\Reolin.Web\wwwroot\lib\WebClient\controllers\ProfileCommonController.js
D:\projects\repos\reolin\Reolin.Web\wwwroot\lib\WebClient\controllers\ProfileEditController.js
D:\projects\repos\reolin\Reolin.Web\wwwroot\lib\WebClient\controllers\ProfileViewController.js
D:\projects\repos\reolin\Reolin.Web\wwwroot\lib\WebClient\controllers\RegisterCVController.js
D:\projects\repos\reolin\Reolin.Web\wwwroot\lib\WebClient\controllers\RegisterWorkController.js
D:\projects\repos\reolin\Reolin.Web\wwwroot\lib\Infra\Profile.js
D:\projects\repos\reolin\Reolin.Web\wwwroot\lib\Infra\User.js
D:\projects\repos\reolin\Reolin.Web\wwwroot\lib\WebClient\DefaultJwtManager.js
D:\projects\repos\reolin\Reolin.Web\wwwroot\lib\WebClient\Global.js
D:\projects\repos\reolin\Reolin.Web\wwwroot\lib\WebClient\HttpResponse.js
D:\projects\repos\reolin\Reolin.Web\wwwroot\lib\WebClient\jwtsecuritytoken.js
D:\projects\repos\reolin\Reolin.Web\wwwroot\lib\WebClient\HttpService.js
D:\projects\repos\reolin\Reolin.Web\wwwroot\lib\WebClient\IJwtManager.js
D:\projects\repos\reolin\Reolin.Web\wwwroot\lib\WebClient\IJwtSource.js
D:\projects\repos\reolin\Reolin.Web\wwwroot\lib\WebClient\IJwtStore.js
D:\projects\repos\reolin\Reolin.Web\wwwroot\lib\WebClient\LocalJwtStore.js
D:\projects\repos\reolin\Reolin.Web\wwwroot\lib\WebClient\LoginInfo.js
D:\projects\repos\reolin\Reolin.Web\wwwroot\lib\WebClient\LoginManager.js
D:\projects\repos\reolin\Reolin.Web\wwwroot\lib\WebClient\RemoteJwtSource.js
D:\projects\repos\reolin\Reolin.Web\wwwroot\lib\WebClient\run.js
D:\projects\repos\reolin\Reolin.Web\wwwroot\lib\WebClient\ViewModels\ProfileViewModels.js
D:\projects\repos\reolin\Reolin.Web\wwwroot\lib\WebClient\Services\AccountService.js
D:\projects\repos\reolin\Reolin.Web\wwwroot\lib\WebClient\Services\ProfileServices.js
D:\projects\repos\reolin\Reolin.Web\wwwroot\lib\WebClient\Helpers\URLS.js
D:\projects\repos\reolin\Reolin.Web\wwwroot\lib\WebClient\controllers\AccountController.js
D:\projects\repos\reolin\Reolin.Web\wwwroot\lib\WebClient\controllers\ChooseProfileController.js
D:\projects\repos\reolin\Reolin.Web\wwwroot\lib\WebClient\controllers\IndexController.js
D:\projects\repos\reolin\Reolin.Web\wwwroot\lib\WebClient\controllers\JobCategoryController.js
D:\projects\repos\reolin\Reolin.Web\wwwroot\lib\WebClient\controllers\ProfileBaseController.js
D:\projects\repos\reolin\Reolin.Web\wwwroot\lib\WebClient\controllers\ProfileCommonController.js
D:\projects\repos\reolin\Reolin.Web\wwwroot\lib\WebClient\controllers\ProfileEditController.js
D:\projects\repos\reolin\Reolin.Web\wwwroot\lib\WebClient\controllers\ProfileViewController.js
D:\projects\repos\reolin\Reolin.Web\wwwroot\lib\WebClient\controllers\RegisterCVController.js
D:\projects\repos\reolin\Reolin.Web\wwwroot\lib\WebClient\controllers\RegisterWorkController.js
D:\projects\repos\reolin\Reolin.Web\wwwroot\lib\Infra\Profile.js
D:\projects\repos\reolin\Reolin.Web\wwwroot\lib\Infra\User.js
D:\projects\repos\reolin\Reolin.Web\wwwroot\lib\WebClient\DefaultJwtManager.js
D:\projects\repos\reolin\Reolin.Web\wwwroot\lib\WebClient\Global.js
D:\projects\repos\reolin\Reolin.Web\wwwroot\lib\WebClient\HttpResponse.js
D:\projects\repos\reolin\Reolin.Web\wwwroot\lib\WebClient\jwtsecuritytoken.js
D:\projects\repos\reolin\Reolin.Web\wwwroot\lib\WebClient\HttpService.js
D:\projects\repos\reolin\Reolin.Web\wwwroot\lib\WebClient\IJwtManager.js
D:\projects\repos\reolin\Reolin.Web\wwwroot\lib\WebClient\IJwtSource.js
D:\projects\repos\reolin\Reolin.Web\wwwroot\lib\WebClient\IJwtStore.js
D:\projects\repos\reolin\Reolin.Web\wwwroot\lib\WebClient\LocalJwtStore.js
D:\projects\repos\reolin\Reolin.Web\wwwroot\lib\WebClient\LoginInfo.js
D:\projects\repos\reolin\Reolin.Web\wwwroot\lib\WebClient\LoginManager.js
D:\projects\repos\reolin\Reolin.Web\wwwroot\lib\WebClient\RemoteJwtSource.js
D:\projects\repos\reolin\Reolin.Web\wwwroot\lib\WebClient\run.js
D:\projects\repos\reolin\Reolin.Web\wwwroot\lib\WebClient\ViewModels\ProfileViewModels.js
D:\projects\repos\reolin\Reolin.Web\wwwroot\lib\WebClient\Services\AccountService.js
D:\projects\repos\reolin\Reolin.Web\wwwroot\lib\WebClient\Services\ProfileServices.js
D:\projects\repos\reolin\Reolin.Web\wwwroot\lib\WebClient\Helpers\URLS.js
D:\projects\repos\reolin\Reolin.Web\wwwroot\lib\WebClient\controllers\AccountController.js
D:\projects\repos\reolin\Reolin.Web\wwwroot\lib\WebClient\controllers\ChooseProfileController.js
D:\projects\repos\reolin\Reolin.Web\wwwroot\lib\WebClient\controllers\IndexController.js
D:\projects\repos\reolin\Reolin.Web\wwwroot\lib\WebClient\controllers\JobCategoryController.js
D:\projects\repos\reolin\Reolin.Web\wwwroot\lib\WebClient\controllers\ProfileBaseController.js
D:\projects\repos\reolin\Reolin.Web\wwwroot\lib\WebClient\controllers\ProfileCommonController.js
D:\projects\repos\reolin\Reolin.Web\wwwroot\lib\WebClient\controllers\ProfileEditController.js
D:\projects\repos\reolin\Reolin.Web\wwwroot\lib\WebClient\controllers\ProfileViewController.js
D:\projects\repos\reolin\Reolin.Web\wwwroot\lib\WebClient\controllers\RegisterCVController.js
D:\projects\repos\reolin\Reolin.Web\wwwroot\lib\WebClient\controllers\RegisterWorkController.js
D:\projects\repos\reolin\Reolin.Web\wwwroot\lib\Infra\Profile.js
D:\projects\repos\reolin\Reolin.Web\wwwroot\lib\Infra\User.js
D:\projects\repos\reolin\Reolin.Web\wwwroot\lib\WebClient\DefaultJwtManager.js
D:\projects\repos\reolin\Reolin.Web\wwwroot\lib\WebClient\Global.js
D:\projects\repos\reolin\Reolin.Web\wwwroot\lib\WebClient\HttpResponse.js
D:\projects\repos\reolin\Reolin.Web\wwwroot\lib\WebClient\jwtsecuritytoken.js
D:\projects\repos\reolin\Reolin.Web\wwwroot\lib\WebClient\HttpService.js
D:\projects\repos\reolin\Reolin.Web\wwwroot\lib\WebClient\IJwtManager.js
D:\projects\repos\reolin\Reolin.Web\wwwroot\lib\WebClient\IJwtSource.js
D:\projects\repos\reolin\Reolin.Web\wwwroot\lib\WebClient\IJwtStore.js
D:\projects\repos\reolin\Reolin.Web\wwwroot\lib\WebClient\LocalJwtStore.js
D:\projects\repos\reolin\Reolin.Web\wwwroot\lib\WebClient\LoginInfo.js
D:\projects\repos\reolin\Reolin.Web\wwwroot\lib\WebClient\LoginManager.js
D:\projects\repos\reolin\Reolin.Web\wwwroot\lib\WebClient\RemoteJwtSource.js
D:\projects\repos\reolin\Reolin.Web\wwwroot\lib\WebClient\run.js
D:\projects\repos\reolin\Reolin.Web\wwwroot\lib\WebClient\ViewModels\ProfileViewModels.js
D:\projects\repos\reolin\Reolin.Web\wwwroot\lib\WebClient\Services\AccountService.js
D:\projects\repos\reolin\Reolin.Web\wwwroot\lib\WebClient\Services\ProfileServices.js
D:\projects\repos\reolin\Reolin.Web\wwwroot\lib\WebClient\Helpers\URLS.js
D:\projects\repos\reolin\Reolin.Web\wwwroot\lib\WebClient\controllers\AccountController.js
D:\projects\repos\reolin\Reolin.Web\wwwroot\lib\WebClient\controllers\ChooseProfileController.js
D:\projects\repos\reolin\Reolin.Web\wwwroot\lib\WebClient\controllers\IndexController.js
D:\projects\repos\reolin\Reolin.Web\wwwroot\lib\WebClient\controllers\JobCategoryController.js
D:\projects\repos\reolin\Reolin.Web\wwwroot\lib\WebClient\controllers\ProfileBaseController.js
D:\projects\repos\reolin\Reolin.Web\wwwroot\lib\WebClient\controllers\ProfileCommonController.js
D:\projects\repos\reolin\Reolin.Web\wwwroot\lib\WebClient\controllers\ProfileEditController.js
D:\projects\repos\reolin\Reolin.Web\wwwroot\lib\WebClient\controllers\ProfileViewController.js
D:\projects\repos\reolin\Reolin.Web\wwwroot\lib\WebClient\controllers\RegisterCVController.js
D:\projects\repos\reolin\Reolin.Web\wwwroot\lib\WebClient\controllers\RegisterWorkController.js
D:\projects\repos\reolin\Reolin.Web\wwwroot\lib\Infra\Profile.js
D:\projects\repos\reolin\Reolin.Web\wwwroot\lib\Infra\User.js
D:\projects\repos\reolin\Reolin.Web\wwwroot\lib\WebClient\DefaultJwtManager.js
D:\projects\repos\reolin\Reolin.Web\wwwroot\lib\WebClient\Global.js
D:\projects\repos\reolin\Reolin.Web\wwwroot\lib\WebClient\HttpResponse.js
D:\projects\repos\reolin\Reolin.Web\wwwroot\lib\WebClient\jwtsecuritytoken.js
D:\projects\repos\reolin\Reolin.Web\wwwroot\lib\WebClient\HttpService.js
D:\projects\repos\reolin\Reolin.Web\wwwroot\lib\WebClient\IJwtManager.js
D:\projects\repos\reolin\Reolin.Web\wwwroot\lib\WebClient\IJwtSource.js
D:\projects\repos\reolin\Reolin.Web\wwwroot\lib\WebClient\IJwtStore.js
D:\projects\repos\reolin\Reolin.Web\wwwroot\lib\WebClient\LocalJwtStore.js
D:\projects\repos\reolin\Reolin.Web\wwwroot\lib\WebClient\LoginInfo.js
D:\projects\repos\reolin\Reolin.Web\wwwroot\lib\WebClient\LoginManager.js
D:\projects\repos\reolin\Reolin.Web\wwwroot\lib\WebClient\RemoteJwtSource.js
D:\projects\repos\reolin\Reolin.Web\wwwroot\lib\WebClient\run.js
D:\projects\repos\reolin\Reolin.Web\wwwroot\lib\WebClient\ViewModels\ProfileViewModels.js
D:\projects\repos\reolin\Reolin.Web\wwwroot\lib\WebClient\Services\AccountService.js
D:\projects\repos\reolin\Reolin.Web\wwwroot\lib\WebClient\Services\ProfileServices.js
D:\projects\repos\reolin\Reolin.Web\wwwroot\lib\WebClient\Helpers\URLS.js
D:\projects\repos\reolin\Reolin.Web\wwwroot\lib\WebClient\controllers\AccountController.js
D:\projects\repos\reolin\Reolin.Web\wwwroot\lib\WebClient\controllers\ChooseProfileController.js
D:\projects\repos\reolin\Reolin.Web\wwwroot\lib\WebClient\controllers\IndexController.js
D:\projects\repos\reolin\Reolin.Web\wwwroot\lib\WebClient\controllers\JobCategoryController.js
D:\projects\repos\reolin\Reolin.Web\wwwroot\lib\WebClient\controllers\ProfileBaseController.js
D:\projects\repos\reolin\Reolin.Web\wwwroot\lib\WebClient\controllers\ProfileCommonController.js
D:\projects\repos\reolin\Reolin.Web\wwwroot\lib\WebClient\controllers\ProfileEditController.js
D:\projects\repos\reolin\Reolin.Web\wwwroot\lib\WebClient\controllers\ProfileViewController.js
D:\projects\repos\reolin\Reolin.Web\wwwroot\lib\WebClient\controllers\RegisterCVController.js
D:\projects\repos\reolin\Reolin.Web\wwwroot\lib\WebClient\controllers\RegisterWorkController.js
D:\projects\repos\reolin\Reolin.Web\wwwroot\lib\Infra\Profile.js
D:\projects\repos\reolin\Reolin.Web\wwwroot\lib\Infra\User.js
D:\projects\repos\reolin\Reolin.Web\wwwroot\lib\WebClient\DefaultJwtManager.js
D:\projects\repos\reolin\Reolin.Web\wwwroot\lib\WebClient\Global.js
D:\projects\repos\reolin\Reolin.Web\wwwroot\lib\WebClient\HttpResponse.js
D:\projects\repos\reolin\Reolin.Web\wwwroot\lib\WebClient\jwtsecuritytoken.js
D:\projects\repos\reolin\Reolin.Web\wwwroot\lib\WebClient\HttpService.js
D:\projects\repos\reolin\Reolin.Web\wwwroot\lib\WebClient\IJwtManager.js
D:\projects\repos\reolin\Reolin.Web\wwwroot\lib\WebClient\IJwtSource.js
D:\projects\repos\reolin\Reolin.Web\wwwroot\lib\WebClient\IJwtStore.js
D:\projects\repos\reolin\Reolin.Web\wwwroot\lib\WebClient\LocalJwtStore.js
D:\projects\repos\reolin\Reolin.Web\wwwroot\lib\WebClient\LoginInfo.js
D:\projects\repos\reolin\Reolin.Web\wwwroot\lib\WebClient\LoginManager.js
D:\projects\repos\reolin\Reolin.Web\wwwroot\lib\WebClient\RemoteJwtSource.js
D:\projects\repos\reolin\Reolin.Web\wwwroot\lib\WebClient\run.js
D:\projects\repos\reolin\Reolin.Web\wwwroot\lib\WebClient\ViewModels\ProfileViewModels.js
D:\projects\repos\reolin\Reolin.Web\wwwroot\lib\WebClient\Services\AccountService.js
D:\projects\repos\reolin\Reolin.Web\wwwroot\lib\WebClient\Services\ProfileServices.js
D:\projects\repos\reolin\Reolin.Web\wwwroot\lib\WebClient\Helpers\URLS.js
D:\projects\repos\reolin\Reolin.Web\wwwroot\lib\WebClient\controllers\AccountController.js
D:\projects\repos\reolin\Reolin.Web\wwwroot\lib\WebClient\controllers\ChooseProfileController.js
D:\projects\repos\reolin\Reolin.Web\wwwroot\lib\WebClient\controllers\IndexController.js
D:\projects\repos\reolin\Reolin.Web\wwwroot\lib\WebClient\controllers\JobCategoryController.js
D:\projects\repos\reolin\Reolin.Web\wwwroot\lib\WebClient\controllers\ProfileBaseController.js
D:\projects\repos\reolin\Reolin.Web\wwwroot\lib\WebClient\controllers\ProfileCommonController.js
D:\projects\repos\reolin\Reolin.Web\wwwroot\lib\WebClient\controllers\ProfileEditController.js
D:\projects\repos\reolin\Reolin.Web\wwwroot\lib\WebClient\controllers\ProfileViewController.js
D:\projects\repos\reolin\Reolin.Web\wwwroot\lib\WebClient\controllers\RegisterCVController.js
D:\projects\repos\reolin\Reolin.Web\wwwroot\lib\WebClient\controllers\RegisterWorkController.js
D:\projects\repos\reolin\Reolin.Web\wwwroot\lib\Infra\Profile.js
D:\projects\repos\reolin\Reolin.Web\wwwroot\lib\Infra\User.js
D:\projects\repos\reolin\Reolin.Web\wwwroot\lib\WebClient\DefaultJwtManager.js
D:\projects\repos\reolin\Reolin.Web\wwwroot\lib\WebClient\Global.js
D:\projects\repos\reolin\Reolin.Web\wwwroot\lib\WebClient\HttpResponse.js
D:\projects\repos\reolin\Reolin.Web\wwwroot\lib\WebClient\jwtsecuritytoken.js
D:\projects\repos\reolin\Reolin.Web\wwwroot\lib\WebClient\HttpService.js
D:\projects\repos\reolin\Reolin.Web\wwwroot\lib\WebClient\IJwtManager.js
D:\projects\repos\reolin\Reolin.Web\wwwroot\lib\WebClient\IJwtSource.js
D:\projects\repos\reolin\Reolin.Web\wwwroot\lib\WebClient\IJwtStore.js
D:\projects\repos\reolin\Reolin.Web\wwwroot\lib\WebClient\LocalJwtStore.js
D:\projects\repos\reolin\Reolin.Web\wwwroot\lib\WebClient\LoginInfo.js
D:\projects\repos\reolin\Reolin.Web\wwwroot\lib\WebClient\LoginManager.js
D:\projects\repos\reolin\Reolin.Web\wwwroot\lib\WebClient\RemoteJwtSource.js
D:\projects\repos\reolin\Reolin.Web\wwwroot\lib\WebClient\run.js
D:\projects\repos\reolin\Reolin.Web\wwwroot\lib\WebClient\ViewModels\ProfileViewModels.js
D:\projects\repos\reolin\Reolin.Web\wwwroot\lib\WebClient\Services\AccountService.js
D:\projects\repos\reolin\Reolin.Web\wwwroot\lib\WebClient\Services\ProfileServices.js
D:\projects\repos\reolin\Reolin.Web\wwwroot\lib\WebClient\Helpers\URLS.js
D:\projects\repos\reolin\Reolin.Web\wwwroot\lib\WebClient\controllers\AccountController.js
D:\projects\repos\reolin\Reolin.Web\wwwroot\lib\WebClient\controllers\ChooseProfileController.js
D:\projects\repos\reolin\Reolin.Web\wwwroot\lib\WebClient\controllers\IndexController.js
D:\projects\repos\reolin\Reolin.Web\wwwroot\lib\WebClient\controllers\JobCategoryController.js
D:\projects\repos\reolin\Reolin.Web\wwwroot\lib\WebClient\controllers\ProfileBaseController.js
D:\projects\repos\reolin\Reolin.Web\wwwroot\lib\WebClient\controllers\ProfileCommonController.js
D:\projects\repos\reolin\Reolin.Web\wwwroot\lib\WebClient\controllers\ProfileEditController.js
D:\projects\repos\reolin\Reolin.Web\wwwroot\lib\WebClient\controllers\ProfileViewController.js
D:\projects\repos\reolin\Reolin.Web\wwwroot\lib\WebClient\controllers\RegisterCVController.js
D:\projects\repos\reolin\Reolin.Web\wwwroot\lib\WebClient\controllers\RegisterWorkController.js
D:\projects\repos\reolin\Reolin.Web\wwwroot\lib\Infra\Profile.js
D:\projects\repos\reolin\Reolin.Web\wwwroot\lib\Infra\User.js
D:\projects\repos\reolin\Reolin.Web\wwwroot\lib\WebClient\DefaultJwtManager.js
D:\projects\repos\reolin\Reolin.Web\wwwroot\lib\WebClient\Global.js
D:\projects\repos\reolin\Reolin.Web\wwwroot\lib\WebClient\HttpResponse.js
D:\projects\repos\reolin\Reolin.Web\wwwroot\lib\WebClient\jwtsecuritytoken.js
D:\projects\repos\reolin\Reolin.Web\wwwroot\lib\WebClient\HttpService.js
D:\projects\repos\reolin\Reolin.Web\wwwroot\lib\WebClient\IJwtManager.js
D:\projects\repos\reolin\Reolin.Web\wwwroot\lib\WebClient\IJwtSource.js
D:\projects\repos\reolin\Reolin.Web\wwwroot\lib\WebClient\IJwtStore.js
D:\projects\repos\reolin\Reolin.Web\wwwroot\lib\WebClient\LocalJwtStore.js
D:\projects\repos\reolin\Reolin.Web\wwwroot\lib\WebClient\LoginInfo.js
D:\projects\repos\reolin\Reolin.Web\wwwroot\lib\WebClient\LoginManager.js
D:\projects\repos\reolin\Reolin.Web\wwwroot\lib\WebClient\RemoteJwtSource.js
D:\projects\repos\reolin\Reolin.Web\wwwroot\lib\WebClient\run.js
D:\projects\repos\reolin\Reolin.Web\wwwroot\lib\WebClient\ViewModels\ProfileViewModels.js
D:\projects\repos\reolin\Reolin.Web\wwwroot\lib\WebClient\Services\AccountService.js
D:\projects\repos\reolin\Reolin.Web\wwwroot\lib\WebClient\Services\ProfileServices.js
D:\projects\repos\reolin\Reolin.Web\wwwroot\lib\WebClient\Helpers\URLS.js
D:\projects\repos\reolin\Reolin.Web\wwwroot\lib\WebClient\controllers\AccountController.js
D:\projects\repos\reolin\Reolin.Web\wwwroot\lib\WebClient\controllers\ChooseProfileController.js
D:\projects\repos\reolin\Reolin.Web\wwwroot\lib\WebClient\controllers\IndexController.js
D:\projects\repos\reolin\Reolin.Web\wwwroot\lib\WebClient\controllers\JobCategoryController.js
D:\projects\repos\reolin\Reolin.Web\wwwroot\lib\WebClient\controllers\ProfileBaseController.js
D:\projects\repos\reolin\Reolin.Web\wwwroot\lib\WebClient\controllers\ProfileCommonController.js
D:\projects\repos\reolin\Reolin.Web\wwwroot\lib\WebClient\controllers\ProfileEditController.js
D:\projects\repos\reolin\Reolin.Web\wwwroot\lib\WebClient\controllers\ProfileViewController.js
D:\projects\repos\reolin\Reolin.Web\wwwroot\lib\WebClient\controllers\RegisterCVController.js
D:\projects\repos\reolin\Reolin.Web\wwwroot\lib\WebClient\controllers\RegisterWorkController.js
D:\projects\repos\reolin\Reolin.Web\wwwroot\lib\Infra\Profile.js
D:\projects\repos\reolin\Reolin.Web\wwwroot\lib\Infra\User.js
D:\projects\repos\reolin\Reolin.Web\wwwroot\lib\WebClient\DefaultJwtManager.js
D:\projects\repos\reolin\Reolin.Web\wwwroot\lib\WebClient\Global.js
D:\projects\repos\reolin\Reolin.Web\wwwroot\lib\WebClient\HttpResponse.js
D:\projects\repos\reolin\Reolin.Web\wwwroot\lib\WebClient\jwtsecuritytoken.js
D:\projects\repos\reolin\Reolin.Web\wwwroot\lib\WebClient\HttpService.js
D:\projects\repos\reolin\Reolin.Web\wwwroot\lib\WebClient\IJwtManager.js
D:\projects\repos\reolin\Reolin.Web\wwwroot\lib\WebClient\IJwtSource.js
D:\projects\repos\reolin\Reolin.Web\wwwroot\lib\WebClient\IJwtStore.js
D:\projects\repos\reolin\Reolin.Web\wwwroot\lib\WebClient\LocalJwtStore.js
D:\projects\repos\reolin\Reolin.Web\wwwroot\lib\WebClient\LoginInfo.js
D:\projects\repos\reolin\Reolin.Web\wwwroot\lib\WebClient\LoginManager.js
D:\projects\repos\reolin\Reolin.Web\wwwroot\lib\WebClient\RemoteJwtSource.js
D:\projects\repos\reolin\Reolin.Web\wwwroot\lib\WebClient\run.js
D:\projects\repos\reolin\Reolin.Web\wwwroot\lib\WebClient\ViewModels\ProfileViewModels.js
D:\projects\repos\reolin\Reolin.Web\wwwroot\lib\WebClient\Services\AccountService.js
D:\projects\repos\reolin\Reolin.Web\wwwroot\lib\WebClient\Services\ProfileServices.js
D:\projects\repos\reolin\Reolin.Web\wwwroot\lib\WebClient\Helpers\URLS.js
D:\projects\repos\reolin\Reolin.Web\wwwroot\lib\WebClient\controllers\AccountController.js
D:\projects\repos\reolin\Reolin.Web\wwwroot\lib\WebClient\controllers\ChooseProfileController.js
D:\projects\repos\reolin\Reolin.Web\wwwroot\lib\WebClient\controllers\IndexController.js
D:\projects\repos\reolin\Reolin.Web\wwwroot\lib\WebClient\controllers\JobCategoryController.js
D:\projects\repos\reolin\Reolin.Web\wwwroot\lib\WebClient\controllers\ProfileBaseController.js
D:\projects\repos\reolin\Reolin.Web\wwwroot\lib\WebClient\controllers\ProfileCommonController.js
D:\projects\repos\reolin\Reolin.Web\wwwroot\lib\WebClient\controllers\ProfileEditController.js
D:\projects\repos\reolin\Reolin.Web\wwwroot\lib\WebClient\controllers\ProfileViewController.js
D:\projects\repos\reolin\Reolin.Web\wwwroot\lib\WebClient\controllers\RegisterCVController.js
D:\projects\repos\reolin\Reolin.Web\wwwroot\lib\WebClient\controllers\RegisterWorkController.js
D:\projects\repos\reolin\Reolin.Web\wwwroot\lib\Infra\Profile.js
D:\projects\repos\reolin\Reolin.Web\wwwroot\lib\Infra\User.js
D:\projects\repos\reolin\Reolin.Web\wwwroot\lib\WebClient\DefaultJwtManager.js
D:\projects\repos\reolin\Reolin.Web\wwwroot\lib\WebClient\Global.js
D:\projects\repos\reolin\Reolin.Web\wwwroot\lib\WebClient\HttpResponse.js
D:\projects\repos\reolin\Reolin.Web\wwwroot\lib\WebClient\jwtsecuritytoken.js
D:\projects\repos\reolin\Reolin.Web\wwwroot\lib\WebClient\HttpService.js
D:\projects\repos\reolin\Reolin.Web\wwwroot\lib\WebClient\IJwtManager.js
D:\projects\repos\reolin\Reolin.Web\wwwroot\lib\WebClient\IJwtSource.js
D:\projects\repos\reolin\Reolin.Web\wwwroot\lib\WebClient\IJwtStore.js
D:\projects\repos\reolin\Reolin.Web\wwwroot\lib\WebClient\LocalJwtStore.js
D:\projects\repos\reolin\Reolin.Web\wwwroot\lib\WebClient\LoginInfo.js
D:\projects\repos\reolin\Reolin.Web\wwwroot\lib\WebClient\LoginManager.js
D:\projects\repos\reolin\Reolin.Web\wwwroot\lib\WebClient\RemoteJwtSource.js
D:\projects\repos\reolin\Reolin.Web\wwwroot\lib\WebClient\run.js
D:\projects\repos\reolin\Reolin.Web\wwwroot\lib\WebClient\ViewModels\ProfileViewModels.js
D:\projects\repos\reolin\Reolin.Web\wwwroot\lib\WebClient\Services\AccountService.js
D:\projects\repos\reolin\Reolin.Web\wwwroot\lib\WebClient\Services\ProfileServices.js
D:\projects\repos\reolin\Reolin.Web\wwwroot\lib\WebClient\Helpers\URLS.js
D:\projects\repos\reolin\Reolin.Web\wwwroot\lib\WebClient\controllers\AccountController.js
D:\projects\repos\reolin\Reolin.Web\wwwroot\lib\WebClient\controllers\ChooseProfileController.js
D:\projects\repos\reolin\Reolin.Web\wwwroot\lib\WebClient\controllers\IndexController.js
D:\projects\repos\reolin\Reolin.Web\wwwroot\lib\WebClient\controllers\JobCategoryController.js
D:\projects\repos\reolin\Reolin.Web\wwwroot\lib\WebClient\controllers\ProfileBaseController.js
D:\projects\repos\reolin\Reolin.Web\wwwroot\lib\WebClient\controllers\ProfileCommonController.js
D:\projects\repos\reolin\Reolin.Web\wwwroot\lib\WebClient\controllers\ProfileEditController.js
D:\projects\repos\reolin\Reolin.Web\wwwroot\lib\WebClient\controllers\ProfileViewController.js
D:\projects\repos\reolin\Reolin.Web\wwwroot\lib\WebClient\controllers\RegisterCVController.js
D:\projects\repos\reolin\Reolin.Web\wwwroot\lib\WebClient\controllers\RegisterWorkController.js
D:\projects\repos\reolin\Reolin.Web\wwwroot\lib\Infra\Profile.js
D:\projects\repos\reolin\Reolin.Web\wwwroot\lib\Infra\User.js
D:\projects\repos\reolin\Reolin.Web\wwwroot\lib\WebClient\DefaultJwtManager.js
D:\projects\repos\reolin\Reolin.Web\wwwroot\lib\WebClient\Global.js
D:\projects\repos\reolin\Reolin.Web\wwwroot\lib\WebClient\HttpResponse.js
D:\projects\repos\reolin\Reolin.Web\wwwroot\lib\WebClient\jwtsecuritytoken.js
D:\projects\repos\reolin\Reolin.Web\wwwroot\lib\WebClient\HttpService.js
D:\projects\repos\reolin\Reolin.Web\wwwroot\lib\WebClient\IJwtManager.js
D:\projects\repos\reolin\Reolin.Web\wwwroot\lib\WebClient\IJwtSource.js
D:\projects\repos\reolin\Reolin.Web\wwwroot\lib\WebClient\IJwtStore.js
D:\projects\repos\reolin\Reolin.Web\wwwroot\lib\WebClient\LocalJwtStore.js
D:\projects\repos\reolin\Reolin.Web\wwwroot\lib\WebClient\LoginInfo.js
D:\projects\repos\reolin\Reolin.Web\wwwroot\lib\WebClient\LoginManager.js
D:\projects\repos\reolin\Reolin.Web\wwwroot\lib\WebClient\RemoteJwtSource.js
D:\projects\repos\reolin\Reolin.Web\wwwroot\lib\WebClient\run.js
D:\projects\repos\reolin\Reolin.Web\wwwroot\lib\WebClient\ViewModels\ProfileViewModels.js
D:\projects\repos\reolin\Reolin.Web\wwwroot\lib\WebClient\Services\AccountService.js
D:\projects\repos\reolin\Reolin.Web\wwwroot\lib\WebClient\Services\ProfileServices.js
D:\projects\repos\reolin\Reolin.Web\wwwroot\lib\WebClient\Helpers\URLS.js
D:\projects\repos\reolin\Reolin.Web\wwwroot\lib\WebClient\controllers\AccountController.js
D:\projects\repos\reolin\Reolin.Web\wwwroot\lib\WebClient\controllers\ChooseProfileController.js
D:\projects\repos\reolin\Reolin.Web\wwwroot\lib\WebClient\controllers\IndexController.js
D:\projects\repos\reolin\Reolin.Web\wwwroot\lib\WebClient\controllers\JobCategoryController.js
D:\projects\repos\reolin\Reolin.Web\wwwroot\lib\WebClient\controllers\ProfileBaseController.js
D:\projects\repos\reolin\Reolin.Web\wwwroot\lib\WebClient\controllers\ProfileCommonController.js
D:\projects\repos\reolin\Reolin.Web\wwwroot\lib\WebClient\controllers\ProfileEditController.js
D:\projects\repos\reolin\Reolin.Web\wwwroot\lib\WebClient\controllers\ProfileViewController.js
D:\projects\repos\reolin\Reolin.Web\wwwroot\lib\WebClient\controllers\RegisterCVController.js
D:\projects\repos\reolin\Reolin.Web\wwwroot\lib\WebClient\controllers\RegisterWorkController.js
D:\projects\repos\reolin\Reolin.Web\wwwroot\lib\Infra\Profile.js
D:\projects\repos\reolin\Reolin.Web\wwwroot\lib\Infra\User.js
D:\projects\repos\reolin\Reolin.Web\wwwroot\lib\WebClient\DefaultJwtManager.js
D:\projects\repos\reolin\Reolin.Web\wwwroot\lib\WebClient\Global.js
D:\projects\repos\reolin\Reolin.Web\wwwroot\lib\WebClient\HttpResponse.js
D:\projects\repos\reolin\Reolin.Web\wwwroot\lib\WebClient\jwtsecuritytoken.js
D:\projects\repos\reolin\Reolin.Web\wwwroot\lib\WebClient\HttpService.js
D:\projects\repos\reolin\Reolin.Web\wwwroot\lib\WebClient\IJwtManager.js
D:\projects\repos\reolin\Reolin.Web\wwwroot\lib\WebClient\IJwtSource.js
D:\projects\repos\reolin\Reolin.Web\wwwroot\lib\WebClient\IJwtStore.js
D:\projects\repos\reolin\Reolin.Web\wwwroot\lib\WebClient\LocalJwtStore.js
D:\projects\repos\reolin\Reolin.Web\wwwroot\lib\WebClient\LoginInfo.js
D:\projects\repos\reolin\Reolin.Web\wwwroot\lib\WebClient\LoginManager.js
D:\projects\repos\reolin\Reolin.Web\wwwroot\lib\WebClient\RemoteJwtSource.js
D:\projects\repos\reolin\Reolin.Web\wwwroot\lib\WebClient\run.js
D:\projects\repos\reolin\Reolin.Web\wwwroot\lib\WebClient\ViewModels\ProfileViewModels.js
D:\projects\repos\reolin\Reolin.Web\wwwroot\lib\WebClient\Services\AccountService.js
D:\projects\repos\reolin\Reolin.Web\wwwroot\lib\WebClient\Services\ProfileServices.js
D:\projects\repos\reolin\Reolin.Web\wwwroot\lib\WebClient\Helpers\URLS.js
D:\projects\repos\reolin\Reolin.Web\wwwroot\lib\WebClient\controllers\AccountController.js
D:\projects\repos\reolin\Reolin.Web\wwwroot\lib\WebClient\controllers\ChooseProfileController.js
D:\projects\repos\reolin\Reolin.Web\wwwroot\lib\WebClient\controllers\IndexController.js
D:\projects\repos\reolin\Reolin.Web\wwwroot\lib\WebClient\controllers\JobCategoryController.js
D:\projects\repos\reolin\Reolin.Web\wwwroot\lib\WebClient\controllers\ProfileBaseController.js
D:\projects\repos\reolin\Reolin.Web\wwwroot\lib\WebClient\controllers\ProfileCommonController.js
D:\projects\repos\reolin\Reolin.Web\wwwroot\lib\WebClient\controllers\ProfileEditController.js
D:\projects\repos\reolin\Reolin.Web\wwwroot\lib\WebClient\controllers\ProfileViewController.js
D:\projects\repos\reolin\Reolin.Web\wwwroot\lib\WebClient\controllers\RegisterCVController.js
D:\projects\repos\reolin\Reolin.Web\wwwroot\lib\WebClient\controllers\RegisterWorkController.js
D:\projects\repos\reolin\Reolin.Web\wwwroot\lib\Infra\Profile.js
D:\projects\repos\reolin\Reolin.Web\wwwroot\lib\Infra\User.js
D:\projects\repos\reolin\Reolin.Web\wwwroot\lib\WebClient\DefaultJwtManager.js
D:\projects\repos\reolin\Reolin.Web\wwwroot\lib\WebClient\Global.js
D:\projects\repos\reolin\Reolin.Web\wwwroot\lib\WebClient\HttpResponse.js
D:\projects\repos\reolin\Reolin.Web\wwwroot\lib\WebClient\jwtsecuritytoken.js
D:\projects\repos\reolin\Reolin.Web\wwwroot\lib\WebClient\HttpService.js
D:\projects\repos\reolin\Reolin.Web\wwwroot\lib\WebClient\IJwtManager.js
D:\projects\repos\reolin\Reolin.Web\wwwroot\lib\WebClient\IJwtSource.js
D:\projects\repos\reolin\Reolin.Web\wwwroot\lib\WebClient\IJwtStore.js
D:\projects\repos\reolin\Reolin.Web\wwwroot\lib\WebClient\LocalJwtStore.js
D:\projects\repos\reolin\Reolin.Web\wwwroot\lib\WebClient\LoginInfo.js
D:\projects\repos\reolin\Reolin.Web\wwwroot\lib\WebClient\LoginManager.js
D:\projects\repos\reolin\Reolin.Web\wwwroot\lib\WebClient\RemoteJwtSource.js
D:\projects\repos\reolin\Reolin.Web\wwwroot\lib\WebClient\run.js
D:\projects\repos\reolin\Reolin.Web\wwwroot\lib\WebClient\ViewModels\ProfileViewModels.js
D:\projects\repos\reolin\Reolin.Web\wwwroot\lib\WebClient\Services\AccountService.js
D:\projects\repos\reolin\Reolin.Web\wwwroot\lib\WebClient\Services\ProfileServices.js
D:\projects\repos\reolin\Reolin.Web\wwwroot\lib\WebClient\Helpers\URLS.js
D:\projects\repos\reolin\Reolin.Web\wwwroot\lib\WebClient\controllers\AccountController.js
D:\projects\repos\reolin\Reolin.Web\wwwroot\lib\WebClient\controllers\ChooseProfileController.js
D:\projects\repos\reolin\Reolin.Web\wwwroot\lib\WebClient\controllers\IndexController.js
D:\projects\repos\reolin\Reolin.Web\wwwroot\lib\WebClient\controllers\JobCategoryController.js
D:\projects\repos\reolin\Reolin.Web\wwwroot\lib\WebClient\controllers\ProfileBaseController.js
D:\projects\repos\reolin\Reolin.Web\wwwroot\lib\WebClient\controllers\ProfileCommonController.js
D:\projects\repos\reolin\Reolin.Web\wwwroot\lib\WebClient\controllers\ProfileEditController.js
D:\projects\repos\reolin\Reolin.Web\wwwroot\lib\WebClient\controllers\ProfileViewController.js
D:\projects\repos\reolin\Reolin.Web\wwwroot\lib\WebClient\controllers\RegisterCVController.js
D:\projects\repos\reolin\Reolin.Web\wwwroot\lib\WebClient\controllers\RegisterWorkController.js
D:\projects\repos\reolin\Reolin.Web\wwwroot\lib\Infra\Profile.js
D:\projects\repos\reolin\Reolin.Web\wwwroot\lib\Infra\User.js
D:\projects\repos\reolin\Reolin.Web\wwwroot\lib\WebClient\DefaultJwtManager.js
D:\projects\repos\reolin\Reolin.Web\wwwroot\lib\WebClient\Global.js
D:\projects\repos\reolin\Reolin.Web\wwwroot\lib\WebClient\HttpResponse.js
D:\projects\repos\reolin\Reolin.Web\wwwroot\lib\WebClient\jwtsecuritytoken.js
D:\projects\repos\reolin\Reolin.Web\wwwroot\lib\WebClient\HttpService.js
D:\projects\repos\reolin\Reolin.Web\wwwroot\lib\WebClient\IJwtManager.js
D:\projects\repos\reolin\Reolin.Web\wwwroot\lib\WebClient\IJwtSource.js
D:\projects\repos\reolin\Reolin.Web\wwwroot\lib\WebClient\IJwtStore.js
D:\projects\repos\reolin\Reolin.Web\wwwroot\lib\WebClient\LocalJwtStore.js
D:\projects\repos\reolin\Reolin.Web\wwwroot\lib\WebClient\LoginInfo.js
D:\projects\repos\reolin\Reolin.Web\wwwroot\lib\WebClient\LoginManager.js
D:\projects\repos\reolin\Reolin.Web\wwwroot\lib\WebClient\RemoteJwtSource.js
D:\projects\repos\reolin\Reolin.Web\wwwroot\lib\WebClient\run.js
D:\projects\repos\reolin\Reolin.Web\wwwroot\lib\WebClient\ViewModels\ProfileViewModels.js
D:\projects\repos\reolin\Reolin.Web\wwwroot\lib\WebClient\Services\AccountService.js
D:\projects\repos\reolin\Reolin.Web\wwwroot\lib\WebClient\Services\ProfileServices.js
D:\projects\repos\reolin\Reolin.Web\wwwroot\lib\WebClient\Helpers\URLS.js
D:\projects\repos\reolin\Reolin.Web\wwwroot\lib\WebClient\controllers\AccountController.js
D:\projects\repos\reolin\Reolin.Web\wwwroot\lib\WebClient\controllers\ChooseProfileController.js
D:\projects\repos\reolin\Reolin.Web\wwwroot\lib\WebClient\controllers\IndexController.js
D:\projects\repos\reolin\Reolin.Web\wwwroot\lib\WebClient\controllers\JobCategoryController.js
D:\projects\repos\reolin\Reolin.Web\wwwroot\lib\WebClient\controllers\ProfileBaseController.js
D:\projects\repos\reolin\Reolin.Web\wwwroot\lib\WebClient\controllers\ProfileCommonController.js
D:\projects\repos\reolin\Reolin.Web\wwwroot\lib\WebClient\controllers\ProfileEditController.js
D:\projects\repos\reolin\Reolin.Web\wwwroot\lib\WebClient\controllers\ProfileViewController.js
D:\projects\repos\reolin\Reolin.Web\wwwroot\lib\WebClient\controllers\RegisterCVController.js
D:\projects\repos\reolin\Reolin.Web\wwwroot\lib\WebClient\controllers\RegisterWorkController.js
D:\projects\repos\reolin\Reolin.Web\wwwroot\lib\Infra\Profile.js
D:\projects\repos\reolin\Reolin.Web\wwwroot\lib\Infra\User.js
D:\projects\repos\reolin\Reolin.Web\wwwroot\lib\WebClient\DefaultJwtManager.js
D:\projects\repos\reolin\Reolin.Web\wwwroot\lib\WebClient\Global.js
D:\projects\repos\reolin\Reolin.Web\wwwroot\lib\WebClient\HttpResponse.js
D:\projects\repos\reolin\Reolin.Web\wwwroot\lib\WebClient\jwtsecuritytoken.js
D:\projects\repos\reolin\Reolin.Web\wwwroot\lib\WebClient\HttpService.js
D:\projects\repos\reolin\Reolin.Web\wwwroot\lib\WebClient\IJwtManager.js
D:\projects\repos\reolin\Reolin.Web\wwwroot\lib\WebClient\IJwtSource.js
D:\projects\repos\reolin\Reolin.Web\wwwroot\lib\WebClient\IJwtStore.js
D:\projects\repos\reolin\Reolin.Web\wwwroot\lib\WebClient\LocalJwtStore.js
D:\projects\repos\reolin\Reolin.Web\wwwroot\lib\WebClient\LoginInfo.js
D:\projects\repos\reolin\Reolin.Web\wwwroot\lib\WebClient\LoginManager.js
D:\projects\repos\reolin\Reolin.Web\wwwroot\lib\WebClient\RemoteJwtSource.js
D:\projects\repos\reolin\Reolin.Web\wwwroot\lib\WebClient\run.js
D:\projects\repos\reolin\Reolin.Web\wwwroot\lib\WebClient\ViewModels\ProfileViewModels.js
D:\projects\repos\reolin\Reolin.Web\wwwroot\lib\WebClient\Services\AccountService.js
D:\projects\repos\reolin\Reolin.Web\wwwroot\lib\WebClient\Services\ProfileServices.js
D:\projects\repos\reolin\Reolin.Web\wwwroot\lib\WebClient\Helpers\URLS.js
D:\projects\repos\reolin\Reolin.Web\wwwroot\lib\WebClient\controllers\AccountController.js
D:\projects\repos\reolin\Reolin.Web\wwwroot\lib\WebClient\controllers\ChooseProfileController.js
D:\projects\repos\reolin\Reolin.Web\wwwroot\lib\WebClient\controllers\IndexController.js
D:\projects\repos\reolin\Reolin.Web\wwwroot\lib\WebClient\controllers\JobCategoryController.js
D:\projects\repos\reolin\Reolin.Web\wwwroot\lib\WebClient\controllers\ProfileBaseController.js
D:\projects\repos\reolin\Reolin.Web\wwwroot\lib\WebClient\controllers\ProfileCommonController.js
D:\projects\repos\reolin\Reolin.Web\wwwroot\lib\WebClient\controllers\ProfileEditController.js
D:\projects\repos\reolin\Reolin.Web\wwwroot\lib\WebClient\controllers\ProfileViewController.js
D:\projects\repos\reolin\Reolin.Web\wwwroot\lib\WebClient\controllers\RegisterCVController.js
D:\projects\repos\reolin\Reolin.Web\wwwroot\lib\WebClient\controllers\RegisterWorkController.js
D:\projects\repos\reolin\Reolin.Web\wwwroot\lib\Infra\Profile.js
D:\projects\repos\reolin\Reolin.Web\wwwroot\lib\Infra\User.js
